{"C:\\Users\\kynan\\Documents\\zonnehoeve-entreprise\\frontend\\src\\components\\DigitalGuide.tsx": {"path":"C:\\Users\\kynan\\Documents\\zonnehoeve-entreprise\\frontend\\src\\components\\DigitalGuide.tsx","statementMap":{"0":{"start":{"line":25,"column":24},"end":{"line":25,"column":37}},"1":{"start":{"line":3,"column":36},"end":{"line":3,"column":null}},"2":{"start":{"line":4,"column":40},"end":{"line":4,"column":null}},"3":{"start":{"line":5,"column":74},"end":{"line":5,"column":null}},"4":{"start":{"line":6,"column":19},"end":{"line":6,"column":null}},"5":{"start":{"line":7,"column":17},"end":{"line":7,"column":null}},"6":{"start":{"line":8,"column":18},"end":{"line":8,"column":null}},"7":{"start":{"line":9,"column":40},"end":{"line":9,"column":null}},"8":{"start":{"line":12,"column":24},"end":{"line":12,"column":null}},"9":{"start":{"line":13,"column":22},"end":{"line":13,"column":null}},"10":{"start":{"line":14,"column":26},"end":{"line":14,"column":null}},"11":{"start":{"line":15,"column":28},"end":{"line":15,"column":null}},"12":{"start":{"line":16,"column":24},"end":{"line":16,"column":null}},"13":{"start":{"line":17,"column":28},"end":{"line":17,"column":null}},"14":{"start":{"line":18,"column":24},"end":{"line":18,"column":null}},"15":{"start":{"line":21,"column":32},"end":{"line":21,"column":null}},"16":{"start":{"line":22,"column":29},"end":{"line":22,"column":null}},"17":{"start":{"line":36,"column":6},"end":{"line":36,"column":null}},"18":{"start":{"line":38,"column":54},"end":{"line":38,"column":null}},"19":{"start":{"line":39,"column":44},"end":{"line":39,"column":null}},"20":{"start":{"line":40,"column":38},"end":{"line":40,"column":null}},"21":{"start":{"line":41,"column":40},"end":{"line":41,"column":null}},"22":{"start":{"line":42,"column":52},"end":{"line":42,"column":null}},"23":{"start":{"line":43,"column":44},"end":{"line":43,"column":null}},"24":{"start":{"line":44,"column":26},"end":{"line":44,"column":null}},"25":{"start":{"line":45,"column":39},"end":{"line":45,"column":null}},"26":{"start":{"line":48,"column":2},"end":{"line":55,"column":null}},"27":{"start":{"line":49,"column":19},"end":{"line":49,"column":null}},"28":{"start":{"line":50,"column":21},"end":{"line":50,"column":null}},"29":{"start":{"line":51,"column":22},"end":{"line":51,"column":null}},"30":{"start":{"line":52,"column":4},"end":{"line":54,"column":null}},"31":{"start":{"line":53,"column":6},"end":{"line":53,"column":null}},"32":{"start":{"line":59,"column":30},"end":{"line":61,"column":null}},"33":{"start":{"line":60,"column":4},"end":{"line":60,"column":null}},"34":{"start":{"line":63,"column":34},"end":{"line":72,"column":null}},"35":{"start":{"line":64,"column":4},"end":{"line":64,"column":null}},"36":{"start":{"line":64,"column":28},"end":{"line":64,"column":null}},"37":{"start":{"line":65,"column":4},"end":{"line":71,"column":null}},"38":{"start":{"line":66,"column":6},"end":{"line":66,"column":null}},"39":{"start":{"line":67,"column":6},"end":{"line":67,"column":null}},"40":{"start":{"line":67,"column":25},"end":{"line":67,"column":null}},"41":{"start":{"line":69,"column":6},"end":{"line":69,"column":null}},"42":{"start":{"line":70,"column":6},"end":{"line":70,"column":null}},"43":{"start":{"line":74,"column":21},"end":{"line":77,"column":null}},"44":{"start":{"line":75,"column":4},"end":{"line":75,"column":null}},"45":{"start":{"line":76,"column":4},"end":{"line":76,"column":null}},"46":{"start":{"line":79,"column":22},"end":{"line":89,"column":null}},"47":{"start":{"line":80,"column":20},"end":{"line":80,"column":null}},"48":{"start":{"line":81,"column":4},"end":{"line":81,"column":null}},"49":{"start":{"line":81,"column":18},"end":{"line":81,"column":null}},"50":{"start":{"line":82,"column":24},"end":{"line":82,"column":null}},"51":{"start":{"line":83,"column":4},"end":{"line":83,"column":null}},"52":{"start":{"line":83,"column":22},"end":{"line":83,"column":null}},"53":{"start":{"line":84,"column":18},"end":{"line":84,"column":null}},"54":{"start":{"line":85,"column":4},"end":{"line":85,"column":null}},"55":{"start":{"line":86,"column":4},"end":{"line":86,"column":null}},"56":{"start":{"line":87,"column":4},"end":{"line":87,"column":null}},"57":{"start":{"line":88,"column":4},"end":{"line":88,"column":null}},"58":{"start":{"line":88,"column":23},"end":{"line":88,"column":44}},"59":{"start":{"line":88,"column":44},"end":{"line":88,"column":65}},"60":{"start":{"line":91,"column":30},"end":{"line":94,"column":null}},"61":{"start":{"line":92,"column":4},"end":{"line":92,"column":null}},"62":{"start":{"line":93,"column":4},"end":{"line":93,"column":null}},"63":{"start":{"line":96,"column":29},"end":{"line":106,"column":null}},"64":{"start":{"line":97,"column":4},"end":{"line":97,"column":null}},"65":{"start":{"line":97,"column":23},"end":{"line":97,"column":null}},"66":{"start":{"line":98,"column":18},"end":{"line":98,"column":null}},"67":{"start":{"line":99,"column":24},"end":{"line":99,"column":null}},"68":{"start":{"line":100,"column":4},"end":{"line":100,"column":null}},"69":{"start":{"line":100,"column":22},"end":{"line":100,"column":null}},"70":{"start":{"line":101,"column":4},"end":{"line":101,"column":null}},"71":{"start":{"line":102,"column":4},"end":{"line":102,"column":null}},"72":{"start":{"line":103,"column":4},"end":{"line":103,"column":null}},"73":{"start":{"line":104,"column":4},"end":{"line":104,"column":null}},"74":{"start":{"line":105,"column":4},"end":{"line":105,"column":null}},"75":{"start":{"line":123,"column":36},"end":{"line":123,"column":59}},"76":{"start":{"line":123,"column":59},"end":{"line":123,"column":76}},"77":{"start":{"line":154,"column":41},"end":{"line":154,"column":null}},"78":{"start":{"line":177,"column":26},"end":{"line":177,"column":42}},"79":{"start":{"line":177,"column":57},"end":{"line":177,"column":null}},"80":{"start":{"line":190,"column":20},"end":{"line":191,"column":30}},"81":{"start":{"line":204,"column":44},"end":{"line":204,"column":68}},"82":{"start":{"line":230,"column":43},"end":{"line":230,"column":null}},"83":{"start":{"line":231,"column":37},"end":{"line":231,"column":null}},"84":{"start":{"line":232,"column":40},"end":{"line":232,"column":null}},"85":{"start":{"line":237,"column":114},"end":{"line":237,"column":137}},"86":{"start":{"line":288,"column":59},"end":{"line":288,"column":91}},"87":{"start":{"line":291,"column":39},"end":{"line":291,"column":62}},"88":{"start":{"line":304,"column":37},"end":{"line":304,"column":62}}},"fnMap":{"0":{"name":"DigitalGuide","decl":{"start":{"line":25,"column":24},"end":{"line":25,"column":37}},"loc":{"start":{"line":25,"column":108},"end":{"line":318,"column":null}}},"1":{"name":"(anonymous_3)","decl":{"start":{"line":48,"column":12},"end":{"line":48,"column":null}},"loc":{"start":{"line":48,"column":12},"end":{"line":55,"column":5}}},"2":{"name":"(anonymous_4)","decl":{"start":{"line":59,"column":30},"end":{"line":59,"column":31}},"loc":{"start":{"line":59,"column":46},"end":{"line":61,"column":null}}},"3":{"name":"(anonymous_5)","decl":{"start":{"line":63,"column":34},"end":{"line":63,"column":null}},"loc":{"start":{"line":63,"column":34},"end":{"line":72,"column":null}}},"4":{"name":"(anonymous_6)","decl":{"start":{"line":74,"column":21},"end":{"line":74,"column":28}},"loc":{"start":{"line":74,"column":28},"end":{"line":77,"column":null}}},"5":{"name":"(anonymous_7)","decl":{"start":{"line":79,"column":22},"end":{"line":79,"column":23}},"loc":{"start":{"line":79,"column":23},"end":{"line":89,"column":null}}},"6":{"name":"(anonymous_8)","decl":{"start":{"line":88,"column":15},"end":{"line":88,"column":23}},"loc":{"start":{"line":88,"column":15},"end":{"line":88,"column":68}}},"7":{"name":"(anonymous_9)","decl":{"start":{"line":91,"column":30},"end":{"line":91,"column":31}},"loc":{"start":{"line":91,"column":31},"end":{"line":94,"column":null}}},"8":{"name":"(anonymous_10)","decl":{"start":{"line":96,"column":29},"end":{"line":96,"column":null}},"loc":{"start":{"line":96,"column":29},"end":{"line":106,"column":null}}},"9":{"name":"(anonymous_11)","decl":{"start":{"line":123,"column":26},"end":{"line":123,"column":27}},"loc":{"start":{"line":123,"column":27},"end":{"line":123,"column":null}}},"10":{"name":"(anonymous_12)","decl":{"start":{"line":154,"column":35},"end":{"line":154,"column":41}},"loc":{"start":{"line":154,"column":41},"end":{"line":154,"column":null}}},"11":{"name":"(anonymous_13)","decl":{"start":{"line":176,"column":128},"end":{"line":176,"column":129}},"loc":{"start":{"line":177,"column":26},"end":{"line":177,"column":42}}},"12":{"name":"(anonymous_14)","decl":{"start":{"line":177,"column":51},"end":{"line":177,"column":57}},"loc":{"start":{"line":177,"column":57},"end":{"line":177,"column":null}}},"13":{"name":"(anonymous_15)","decl":{"start":{"line":189,"column":32},"end":{"line":189,"column":33}},"loc":{"start":{"line":190,"column":20},"end":{"line":191,"column":30}}},"14":{"name":"(anonymous_16)","decl":{"start":{"line":204,"column":38},"end":{"line":204,"column":44}},"loc":{"start":{"line":204,"column":44},"end":{"line":204,"column":68}}},"15":{"name":"(anonymous_17)","decl":{"start":{"line":230,"column":36},"end":{"line":230,"column":37}},"loc":{"start":{"line":230,"column":43},"end":{"line":230,"column":null}}},"16":{"name":"(anonymous_18)","decl":{"start":{"line":231,"column":31},"end":{"line":231,"column":37}},"loc":{"start":{"line":231,"column":37},"end":{"line":231,"column":null}}},"17":{"name":"(anonymous_19)","decl":{"start":{"line":232,"column":34},"end":{"line":232,"column":40}},"loc":{"start":{"line":232,"column":40},"end":{"line":232,"column":null}}},"18":{"name":"(anonymous_20)","decl":{"start":{"line":237,"column":108},"end":{"line":237,"column":114}},"loc":{"start":{"line":237,"column":114},"end":{"line":237,"column":137}}},"19":{"name":"(anonymous_21)","decl":{"start":{"line":288,"column":54},"end":{"line":288,"column":59}},"loc":{"start":{"line":288,"column":59},"end":{"line":288,"column":91}}},"20":{"name":"(anonymous_22)","decl":{"start":{"line":291,"column":33},"end":{"line":291,"column":39}},"loc":{"start":{"line":291,"column":39},"end":{"line":291,"column":62}}},"21":{"name":"(anonymous_23)","decl":{"start":{"line":304,"column":31},"end":{"line":304,"column":37}},"loc":{"start":{"line":304,"column":37},"end":{"line":304,"column":62}}}},"branchMap":{"0":{"loc":{"start":{"line":25,"column":39},"end":{"line":25,"column":61}},"type":"default-arg","locations":[{"start":{"line":25,"column":54},"end":{"line":25,"column":61}}]},"1":{"loc":{"start":{"line":52,"column":4},"end":{"line":54,"column":null}},"type":"if","locations":[{"start":{"line":52,"column":4},"end":{"line":54,"column":null}},{"start":{},"end":{}}]},"2":{"loc":{"start":{"line":53,"column":26},"end":{"line":53,"column":null}},"type":"cond-expr","locations":[{"start":{"line":53,"column":38},"end":{"line":53,"column":69}},{"start":{"line":53,"column":72},"end":{"line":53,"column":null}}]},"3":{"loc":{"start":{"line":64,"column":4},"end":{"line":64,"column":null}},"type":"if","locations":[{"start":{"line":64,"column":4},"end":{"line":64,"column":null}},{"start":{},"end":{}}]},"4":{"loc":{"start":{"line":67,"column":6},"end":{"line":67,"column":null}},"type":"if","locations":[{"start":{"line":67,"column":6},"end":{"line":67,"column":null}},{"start":{},"end":{}}]},"5":{"loc":{"start":{"line":81,"column":4},"end":{"line":81,"column":null}},"type":"if","locations":[{"start":{"line":81,"column":4},"end":{"line":81,"column":null}},{"start":{},"end":{}}]},"6":{"loc":{"start":{"line":83,"column":4},"end":{"line":83,"column":null}},"type":"if","locations":[{"start":{"line":83,"column":4},"end":{"line":83,"column":null}},{"start":{},"end":{}}]},"7":{"loc":{"start":{"line":93,"column":65},"end":{"line":93,"column":92}},"type":"binary-expr","locations":[{"start":{"line":93,"column":65},"end":{"line":93,"column":86}},{"start":{"line":93,"column":90},"end":{"line":93,"column":92}}]},"8":{"loc":{"start":{"line":97,"column":4},"end":{"line":97,"column":null}},"type":"if","locations":[{"start":{"line":97,"column":4},"end":{"line":97,"column":null}},{"start":{},"end":{}}]},"9":{"loc":{"start":{"line":100,"column":4},"end":{"line":100,"column":null}},"type":"if","locations":[{"start":{"line":100,"column":4},"end":{"line":100,"column":null}},{"start":{},"end":{}}]},"10":{"loc":{"start":{"line":101,"column":201},"end":{"line":101,"column":270}},"type":"cond-expr","locations":[{"start":{"line":101,"column":215},"end":{"line":101,"column":264}},{"start":{"line":101,"column":267},"end":{"line":101,"column":270}}]},"11":{"loc":{"start":{"line":111,"column":9},"end":{"line":111,"column":19}},"type":"binary-expr","locations":[{"start":{"line":111,"column":9},"end":{"line":111,"column":19}}]},"12":{"loc":{"start":{"line":138,"column":16},"end":{"line":138,"column":null}},"type":"cond-expr","locations":[{"start":{"line":138,"column":36},"end":{"line":138,"column":73}},{"start":{"line":138,"column":73},"end":{"line":138,"column":null}}]},"13":{"loc":{"start":{"line":142,"column":18},"end":{"line":142,"column":null}},"type":"cond-expr","locations":[{"start":{"line":142,"column":38},"end":{"line":142,"column":75}},{"start":{"line":142,"column":75},"end":{"line":142,"column":null}}]},"14":{"loc":{"start":{"line":151,"column":69},"end":{"line":151,"column":127}},"type":"cond-expr","locations":[{"start":{"line":151,"column":89},"end":{"line":151,"column":108}},{"start":{"line":151,"column":108},"end":{"line":151,"column":127}}]},"15":{"loc":{"start":{"line":157,"column":22},"end":{"line":157,"column":null}},"type":"cond-expr","locations":[{"start":{"line":157,"column":35},"end":{"line":157,"column":84}},{"start":{"line":157,"column":84},"end":{"line":157,"column":null}}]},"16":{"loc":{"start":{"line":165,"column":19},"end":{"line":165,"column":null}},"type":"binary-expr","locations":[{"start":{"line":165,"column":19},"end":{"line":165,"column":null}}]},"17":{"loc":{"start":{"line":168,"column":114},"end":{"line":168,"column":null}},"type":"cond-expr","locations":[{"start":{"line":168,"column":134},"end":{"line":168,"column":168}},{"start":{"line":168,"column":168},"end":{"line":168,"column":null}}]},"18":{"loc":{"start":{"line":172,"column":80},"end":{"line":172,"column":138}},"type":"cond-expr","locations":[{"start":{"line":172,"column":100},"end":{"line":172,"column":119}},{"start":{"line":172,"column":119},"end":{"line":172,"column":138}}]},"19":{"loc":{"start":{"line":176,"column":26},"end":{"line":176,"column":124}},"type":"cond-expr","locations":[{"start":{"line":176,"column":51},"end":{"line":176,"column":65}},{"start":{"line":176,"column":65},"end":{"line":176,"column":124}}]},"20":{"loc":{"start":{"line":180,"column":30},"end":{"line":180,"column":null}},"type":"cond-expr","locations":[{"start":{"line":180,"column":50},"end":{"line":180,"column":144}},{"start":{"line":180,"column":144},"end":{"line":180,"column":null}}]},"21":{"loc":{"start":{"line":196,"column":19},"end":{"line":196,"column":32}},"type":"binary-expr","locations":[{"start":{"line":196,"column":19},"end":{"line":196,"column":32}},{"start":{"line":196,"column":32},"end":{"line":196,"column":87}},{"start":{"line":196,"column":87},"end":{"line":196,"column":null}}]},"22":{"loc":{"start":{"line":203,"column":20},"end":{"line":203,"column":null}},"type":"binary-expr","locations":[{"start":{"line":203,"column":20},"end":{"line":203,"column":null}}]},"23":{"loc":{"start":{"line":220,"column":16},"end":{"line":220,"column":null}},"type":"cond-expr","locations":[{"start":{"line":220,"column":36},"end":{"line":220,"column":70}},{"start":{"line":220,"column":70},"end":{"line":220,"column":null}}]},"24":{"loc":{"start":{"line":223,"column":18},"end":{"line":260,"column":19}},"type":"cond-expr","locations":[{"start":{"line":223,"column":18},"end":{"line":260,"column":19}}]},"25":{"loc":{"start":{"line":226,"column":44},"end":{"line":226,"column":null}},"type":"binary-expr","locations":[{"start":{"line":226,"column":44},"end":{"line":226,"column":80}},{"start":{"line":226,"column":80},"end":{"line":226,"column":null}}]},"26":{"loc":{"start":{"line":237,"column":25},"end":{"line":237,"column":40}},"type":"binary-expr","locations":[{"start":{"line":237,"column":25},"end":{"line":237,"column":40}}]},"27":{"loc":{"start":{"line":241,"column":24},"end":{"line":245,"column":null}},"type":"cond-expr","locations":[{"start":{"line":241,"column":24},"end":{"line":245,"column":null}}]},"28":{"loc":{"start":{"line":246,"column":24},"end":{"line":250,"column":null}},"type":"cond-expr","locations":[{"start":{"line":246,"column":24},"end":{"line":250,"column":null}}]},"29":{"loc":{"start":{"line":248,"column":47},"end":{"line":248,"column":83}},"type":"cond-expr","locations":[{"start":{"line":248,"column":60},"end":{"line":248,"column":76}},{"start":{"line":248,"column":79},"end":{"line":248,"column":83}}]},"30":{"loc":{"start":{"line":261,"column":106},"end":{"line":261,"column":null}},"type":"cond-expr","locations":[{"start":{"line":261,"column":126},"end":{"line":261,"column":163}},{"start":{"line":261,"column":163},"end":{"line":261,"column":null}}]},"31":{"loc":{"start":{"line":283,"column":9},"end":{"line":283,"column":null}},"type":"binary-expr","locations":[{"start":{"line":283,"column":9},"end":{"line":283,"column":null}}]},"32":{"loc":{"start":{"line":300,"column":9},"end":{"line":300,"column":26}},"type":"binary-expr","locations":[{"start":{"line":300,"column":9},"end":{"line":300,"column":26}},{"start":{"line":300,"column":26},"end":{"line":300,"column":null}}]},"33":{"loc":{"start":{"line":308,"column":16},"end":{"line":310,"column":17}},"type":"cond-expr","locations":[{"start":{"line":308,"column":16},"end":{"line":310,"column":17}}]},"34":{"loc":{"start":{"line":308,"column":45},"end":{"line":308,"column":81}},"type":"cond-expr","locations":[{"start":{"line":308,"column":58},"end":{"line":308,"column":74}},{"start":{"line":308,"column":77},"end":{"line":308,"column":81}}]}},"s":{"0":5,"1":1,"2":1,"3":1,"4":1,"5":1,"6":1,"7":1,"8":1,"9":1,"10":1,"11":1,"12":1,"13":1,"14":1,"15":1,"16":1,"17":6,"18":6,"19":6,"20":6,"21":6,"22":6,"23":6,"24":6,"25":6,"26":6,"27":5,"28":5,"29":5,"30":5,"31":0,"32":6,"33":0,"34":6,"35":0,"36":0,"37":0,"38":0,"39":0,"40":0,"41":0,"42":0,"43":6,"44":0,"45":0,"46":6,"47":0,"48":0,"49":0,"50":0,"51":0,"52":0,"53":0,"54":0,"55":0,"56":0,"57":0,"58":0,"59":0,"60":6,"61":0,"62":0,"63":6,"64":0,"65":0,"66":0,"67":0,"68":0,"69":0,"70":0,"71":0,"72":0,"73":0,"74":0,"75":0,"76":0,"77":0,"78":12,"79":1,"80":0,"81":0,"82":0,"83":0,"84":0,"85":0,"86":0,"87":0,"88":0},"f":{"0":6,"1":5,"2":0,"3":0,"4":0,"5":0,"6":0,"7":0,"8":0,"9":0,"10":0,"11":12,"12":1,"13":0,"14":0,"15":0,"16":0,"17":0,"18":0,"19":0,"20":0,"21":0},"b":{"0":[6],"1":[0,5],"2":[0,0],"3":[0,0],"4":[0,0],"5":[0,0],"6":[0,0],"7":[0,0],"8":[0,0],"9":[0,0],"10":[0,0],"11":[6],"12":[0,6],"13":[0,6],"14":[0,6],"15":[0,6],"16":[6],"17":[0,6],"18":[0,6],"19":[6,0],"20":[0,12],"21":[6,0,0],"22":[6],"23":[0,6],"24":[2],"25":[2,2],"26":[2],"27":[1],"28":[0],"29":[0,0],"30":[0,4],"31":[6],"32":[6,0],"33":[0],"34":[0,0]}}
,"C:\\Users\\kynan\\Documents\\zonnehoeve-entreprise\\frontend\\src\\components\\FourMoments.tsx": {"path":"C:\\Users\\kynan\\Documents\\zonnehoeve-entreprise\\frontend\\src\\components\\FourMoments.tsx","statementMap":{"0":{"start":{"line":65,"column":24},"end":{"line":65,"column":36}},"1":{"start":{"line":3,"column":36},"end":{"line":3,"column":null}},"2":{"start":{"line":4,"column":40},"end":{"line":4,"column":null}},"3":{"start":{"line":5,"column":45},"end":{"line":5,"column":null}},"4":{"start":{"line":18,"column":27},"end":{"line":59,"column":null}},"5":{"start":{"line":66,"column":44},"end":{"line":66,"column":null}},"6":{"start":{"line":67,"column":36},"end":{"line":67,"column":null}},"7":{"start":{"line":69,"column":2},"end":{"line":79,"column":null}},"8":{"start":{"line":70,"column":17},"end":{"line":70,"column":null}},"9":{"start":{"line":71,"column":18},"end":{"line":71,"column":null}},"10":{"start":{"line":71,"column":37},"end":{"line":71,"column":84}},"11":{"start":{"line":72,"column":4},"end":{"line":78,"column":null}},"12":{"start":{"line":74,"column":27},"end":{"line":74,"column":86}},"13":{"start":{"line":75,"column":6},"end":{"line":77,"column":null}},"14":{"start":{"line":76,"column":8},"end":{"line":76,"column":null}},"15":{"start":{"line":81,"column":24},"end":{"line":88,"column":null}},"16":{"start":{"line":82,"column":4},"end":{"line":82,"column":null}},"17":{"start":{"line":83,"column":4},"end":{"line":86,"column":null}},"18":{"start":{"line":84,"column":27},"end":{"line":84,"column":94}},"19":{"start":{"line":85,"column":6},"end":{"line":85,"column":null}},"20":{"start":{"line":87,"column":4},"end":{"line":87,"column":null}},"21":{"start":{"line":87,"column":21},"end":{"line":87,"column":45}},"22":{"start":{"line":90,"column":2},"end":{"line":90,"column":null}},"23":{"start":{"line":90,"column":22},"end":{"line":90,"column":null}},"24":{"start":{"line":117,"column":16},"end":{"line":117,"column":null}},"25":{"start":{"line":120,"column":20},"end":{"line":120,"column":null}},"26":{"start":{"line":121,"column":20},"end":{"line":121,"column":null}}},"fnMap":{"0":{"name":"FourMoments","decl":{"start":{"line":65,"column":24},"end":{"line":65,"column":36}},"loc":{"start":{"line":65,"column":75},"end":{"line":138,"column":null}}},"1":{"name":"(anonymous_2)","decl":{"start":{"line":69,"column":12},"end":{"line":69,"column":null}},"loc":{"start":{"line":69,"column":12},"end":{"line":79,"column":5}}},"2":{"name":"(anonymous_3)","decl":{"start":{"line":71,"column":32},"end":{"line":71,"column":37}},"loc":{"start":{"line":71,"column":37},"end":{"line":71,"column":84}}},"3":{"name":"(anonymous_4)","decl":{"start":{"line":81,"column":24},"end":{"line":81,"column":null}},"loc":{"start":{"line":81,"column":24},"end":{"line":88,"column":null}}},"4":{"name":"(anonymous_5)","decl":{"start":{"line":87,"column":15},"end":{"line":87,"column":21}},"loc":{"start":{"line":87,"column":21},"end":{"line":87,"column":45}}},"5":{"name":"(anonymous_6)","decl":{"start":{"line":116,"column":45},"end":{"line":116,"column":46}},"loc":{"start":{"line":117,"column":16},"end":{"line":117,"column":null}}},"6":{"name":"(anonymous_7)","decl":{"start":{"line":119,"column":27},"end":{"line":119,"column":null}},"loc":{"start":{"line":119,"column":27},"end":{"line":122,"column":null}}}},"branchMap":{"0":{"loc":{"start":{"line":71,"column":37},"end":{"line":71,"column":84}},"type":"binary-expr","locations":[{"start":{"line":71,"column":37},"end":{"line":71,"column":59}},{"start":{"line":71,"column":63},"end":{"line":71,"column":84}}]},"1":{"loc":{"start":{"line":72,"column":4},"end":{"line":78,"column":null}},"type":"if","locations":[{"start":{"line":72,"column":4},"end":{"line":78,"column":null}},{"start":{},"end":{}}]},"2":{"loc":{"start":{"line":75,"column":6},"end":{"line":77,"column":null}},"type":"if","locations":[{"start":{"line":75,"column":6},"end":{"line":77,"column":null}},{"start":{},"end":{}}]},"3":{"loc":{"start":{"line":83,"column":4},"end":{"line":86,"column":null}},"type":"if","locations":[{"start":{"line":83,"column":4},"end":{"line":86,"column":null}},{"start":{},"end":{}}]},"4":{"loc":{"start":{"line":90,"column":2},"end":{"line":90,"column":null}},"type":"if","locations":[{"start":{"line":90,"column":2},"end":{"line":90,"column":null}},{"start":{},"end":{}}]},"5":{"loc":{"start":{"line":94,"column":7},"end":{"line":94,"column":null}},"type":"binary-expr","locations":[{"start":{"line":94,"column":7},"end":{"line":94,"column":null}}]}},"s":{"0":4,"1":1,"2":1,"3":1,"4":1,"5":8,"6":8,"7":8,"8":4,"9":4,"10":12,"11":4,"12":4,"13":4,"14":4,"15":8,"16":0,"17":0,"18":0,"19":0,"20":0,"21":0,"22":8,"23":4,"24":12,"25":0,"26":0},"f":{"0":8,"1":4,"2":12,"3":0,"4":0,"5":12,"6":0},"b":{"0":[12,12],"1":[4,0],"2":[4,0],"3":[0,0],"4":[4,4],"5":[4]}}
,"C:\\Users\\kynan\\Documents\\zonnehoeve-entreprise\\frontend\\src\\components\\Chat\\ChatInput.tsx": {"path":"C:\\Users\\kynan\\Documents\\zonnehoeve-entreprise\\frontend\\src\\components\\Chat\\ChatInput.tsx","statementMap":{"0":{"start":{"line":18,"column":24},"end":{"line":18,"column":34}},"1":{"start":{"line":3,"column":40},"end":{"line":3,"column":null}},"2":{"start":{"line":4,"column":31},"end":{"line":4,"column":null}},"3":{"start":{"line":5,"column":19},"end":{"line":5,"column":null}},"4":{"start":{"line":6,"column":23},"end":{"line":6,"column":null}},"5":{"start":{"line":37,"column":29},"end":{"line":37,"column":null}}},"fnMap":{"0":{"name":"ChatInput","decl":{"start":{"line":18,"column":24},"end":{"line":18,"column":34}},"loc":{"start":{"line":26,"column":17},"end":{"line":98,"column":null}}},"1":{"name":"(anonymous_3)","decl":{"start":{"line":37,"column":22},"end":{"line":37,"column":23}},"loc":{"start":{"line":37,"column":29},"end":{"line":37,"column":null}}}},"branchMap":{"0":{"loc":{"start":{"line":38,"column":25},"end":{"line":38,"column":null}},"type":"cond-expr","locations":[{"start":{"line":38,"column":40},"end":{"line":38,"column":71}},{"start":{"line":38,"column":74},"end":{"line":38,"column":null}}]},"1":{"loc":{"start":{"line":39,"column":22},"end":{"line":39,"column":null}},"type":"binary-expr","locations":[{"start":{"line":39,"column":22},"end":{"line":39,"column":35}},{"start":{"line":39,"column":35},"end":{"line":39,"column":null}}]},"2":{"loc":{"start":{"line":42,"column":14},"end":{"line":44,"column":null}},"type":"cond-expr","locations":[{"start":{"line":43,"column":18},"end":{"line":43,"column":null}},{"start":{"line":44,"column":18},"end":{"line":44,"column":null}}]},"3":{"loc":{"start":{"line":54,"column":20},"end":{"line":54,"column":null}},"type":"binary-expr","locations":[{"start":{"line":54,"column":20},"end":{"line":54,"column":37}},{"start":{"line":54,"column":37},"end":{"line":54,"column":50}},{"start":{"line":54,"column":50},"end":{"line":54,"column":null}}]},"4":{"loc":{"start":{"line":57,"column":12},"end":{"line":59,"column":null}},"type":"cond-expr","locations":[{"start":{"line":58,"column":16},"end":{"line":58,"column":null}},{"start":{"line":59,"column":16},"end":{"line":59,"column":null}}]},"5":{"loc":{"start":{"line":63,"column":12},"end":{"line":65,"column":13}},"type":"cond-expr","locations":[{"start":{"line":63,"column":12},"end":{"line":65,"column":13}}]},"6":{"loc":{"start":{"line":72,"column":11},"end":{"line":85,"column":null}},"type":"cond-expr","locations":[{"start":{"line":73,"column":12},"end":{"line":74,"column":null}},{"start":{"line":84,"column":12},"end":{"line":85,"column":null}}]}},"s":{"0":5,"1":1,"2":1,"3":1,"4":1,"5":1},"f":{"0":5,"1":1},"b":{"0":[1,4],"1":[5,4],"2":[0,5],"3":[5,1,1],"4":[0,5],"5":[1],"6":[1,4]}}
,"C:\\Users\\kynan\\Documents\\zonnehoeve-entreprise\\frontend\\src\\components\\Library\\DocumentItem.tsx": {"path":"C:\\Users\\kynan\\Documents\\zonnehoeve-entreprise\\frontend\\src\\components\\Library\\DocumentItem.tsx","statementMap":{"0":{"start":{"line":19,"column":24},"end":{"line":19,"column":37}},"1":{"start":{"line":3,"column":40},"end":{"line":3,"column":null}},"2":{"start":{"line":4,"column":41},"end":{"line":4,"column":null}},"3":{"start":{"line":5,"column":19},"end":{"line":5,"column":null}},"4":{"start":{"line":33,"column":26},"end":{"line":33,"column":null}},"5":{"start":{"line":34,"column":26},"end":{"line":34,"column":null}},"6":{"start":{"line":35,"column":21},"end":{"line":35,"column":null}},"7":{"start":{"line":63,"column":28},"end":{"line":63,"column":null}},"8":{"start":{"line":71,"column":26},"end":{"line":71,"column":null}}},"fnMap":{"0":{"name":"DocumentItem","decl":{"start":{"line":19,"column":24},"end":{"line":19,"column":37}},"loc":{"start":{"line":29,"column":20},"end":{"line":105,"column":null}}},"1":{"name":"(anonymous_2)","decl":{"start":{"line":33,"column":20},"end":{"line":33,"column":26}},"loc":{"start":{"line":33,"column":26},"end":{"line":33,"column":null}}},"2":{"name":"(anonymous_3)","decl":{"start":{"line":34,"column":20},"end":{"line":34,"column":26}},"loc":{"start":{"line":34,"column":26},"end":{"line":34,"column":null}}},"3":{"name":"(anonymous_4)","decl":{"start":{"line":35,"column":15},"end":{"line":35,"column":21}},"loc":{"start":{"line":35,"column":21},"end":{"line":35,"column":null}}},"4":{"name":"(anonymous_5)","decl":{"start":{"line":63,"column":21},"end":{"line":63,"column":22}},"loc":{"start":{"line":63,"column":28},"end":{"line":63,"column":null}}},"5":{"name":"(anonymous_6)","decl":{"start":{"line":71,"column":19},"end":{"line":71,"column":20}},"loc":{"start":{"line":71,"column":26},"end":{"line":71,"column":null}}}},"branchMap":{"0":{"loc":{"start":{"line":38,"column":8},"end":{"line":40,"column":null}},"type":"cond-expr","locations":[{"start":{"line":39,"column":12},"end":{"line":39,"column":null}},{"start":{"line":40,"column":12},"end":{"line":40,"column":null}}]},"1":{"loc":{"start":{"line":46,"column":10},"end":{"line":48,"column":null}},"type":"cond-expr","locations":[{"start":{"line":47,"column":14},"end":{"line":47,"column":null}},{"start":{"line":48,"column":14},"end":{"line":48,"column":null}}]},"2":{"loc":{"start":{"line":54,"column":10},"end":{"line":54,"column":null}},"type":"cond-expr","locations":[{"start":{"line":54,"column":30},"end":{"line":54,"column":72}},{"start":{"line":54,"column":72},"end":{"line":54,"column":null}}]},"3":{"loc":{"start":{"line":61,"column":9},"end":{"line":61,"column":null}},"type":"binary-expr","locations":[{"start":{"line":61,"column":9},"end":{"line":61,"column":null}}]},"4":{"loc":{"start":{"line":74,"column":12},"end":{"line":74,"column":null}},"type":"cond-expr","locations":[{"start":{"line":74,"column":23},"end":{"line":74,"column":53}},{"start":{"line":74,"column":53},"end":{"line":74,"column":null}}]},"5":{"loc":{"start":{"line":77,"column":32},"end":{"line":77,"column":null}},"type":"cond-expr","locations":[{"start":{"line":77,"column":43},"end":{"line":77,"column":60}},{"start":{"line":77,"column":60},"end":{"line":77,"column":null}}]},"6":{"loc":{"start":{"line":83,"column":9},"end":{"line":83,"column":25}},"type":"binary-expr","locations":[{"start":{"line":83,"column":9},"end":{"line":83,"column":25}},{"start":{"line":83,"column":25},"end":{"line":83,"column":null}}]},"7":{"loc":{"start":{"line":90,"column":14},"end":{"line":92,"column":null}},"type":"cond-expr","locations":[{"start":{"line":91,"column":18},"end":{"line":91,"column":null}},{"start":{"line":92,"column":18},"end":{"line":92,"column":null}}]}},"s":{"0":6,"1":1,"2":1,"3":1,"4":1,"5":1,"6":2,"7":0,"8":1},"f":{"0":6,"1":1,"2":1,"3":2,"4":0,"5":1},"b":{"0":[0,6],"1":[0,6],"2":[0,6],"3":[6],"4":[0,6],"5":[0,6],"6":[6,1],"7":[0,1]}}
,"C:\\Users\\kynan\\Documents\\zonnehoeve-entreprise\\frontend\\src\\hooks\\useDigitalGuide.ts": {"path":"C:\\Users\\kynan\\Documents\\zonnehoeve-entreprise\\frontend\\src\\hooks\\useDigitalGuide.ts","statementMap":{"0":{"start":{"line":5,"column":16},"end":{"line":5,"column":32}},"1":{"start":{"line":1,"column":57},"end":{"line":1,"column":null}},"2":{"start":{"line":3,"column":20},"end":{"line":3,"column":null}},"3":{"start":{"line":7,"column":34},"end":{"line":7,"column":null}},"4":{"start":{"line":8,"column":28},"end":{"line":8,"column":null}},"5":{"start":{"line":9,"column":36},"end":{"line":9,"column":null}},"6":{"start":{"line":10,"column":32},"end":{"line":10,"column":null}},"7":{"start":{"line":11,"column":46},"end":{"line":11,"column":null}},"8":{"start":{"line":12,"column":46},"end":{"line":12,"column":null}},"9":{"start":{"line":13,"column":38},"end":{"line":13,"column":null}},"10":{"start":{"line":14,"column":44},"end":{"line":14,"column":null}},"11":{"start":{"line":15,"column":38},"end":{"line":15,"column":null}},"12":{"start":{"line":16,"column":38},"end":{"line":16,"column":null}},"13":{"start":{"line":17,"column":40},"end":{"line":17,"column":null}},"14":{"start":{"line":18,"column":34},"end":{"line":18,"column":null}},"15":{"start":{"line":19,"column":28},"end":{"line":19,"column":null}},"16":{"start":{"line":20,"column":40},"end":{"line":20,"column":null}},"17":{"start":{"line":21,"column":44},"end":{"line":21,"column":null}},"18":{"start":{"line":22,"column":40},"end":{"line":22,"column":null}},"19":{"start":{"line":23,"column":34},"end":{"line":23,"column":null}},"20":{"start":{"line":24,"column":32},"end":{"line":24,"column":null}},"21":{"start":{"line":25,"column":40},"end":{"line":25,"column":null}},"22":{"start":{"line":26,"column":28},"end":{"line":26,"column":null}},"23":{"start":{"line":27,"column":44},"end":{"line":27,"column":null}},"24":{"start":{"line":28,"column":50},"end":{"line":28,"column":null}},"25":{"start":{"line":29,"column":42},"end":{"line":29,"column":null}},"26":{"start":{"line":30,"column":40},"end":{"line":30,"column":null}},"27":{"start":{"line":32,"column":25},"end":{"line":32,"column":null}},"28":{"start":{"line":35,"column":2},"end":{"line":43,"column":null}},"29":{"start":{"line":36,"column":4},"end":{"line":36,"column":null}},"30":{"start":{"line":37,"column":4},"end":{"line":37,"column":null}},"31":{"start":{"line":38,"column":4},"end":{"line":38,"column":null}},"32":{"start":{"line":39,"column":4},"end":{"line":42,"column":null}},"33":{"start":{"line":40,"column":20},"end":{"line":40,"column":null}},"34":{"start":{"line":41,"column":6},"end":{"line":41,"column":null}},"35":{"start":{"line":41,"column":17},"end":{"line":41,"column":null}},"36":{"start":{"line":46,"column":2},"end":{"line":46,"column":null}},"37":{"start":{"line":46,"column":20},"end":{"line":46,"column":61}},"38":{"start":{"line":46,"column":39},"end":{"line":46,"column":61}},"39":{"start":{"line":49,"column":2},"end":{"line":54,"column":null}},"40":{"start":{"line":50,"column":4},"end":{"line":53,"column":null}},"41":{"start":{"line":51,"column":20},"end":{"line":51,"column":null}},"42":{"start":{"line":51,"column":38},"end":{"line":51,"column":63}},"43":{"start":{"line":51,"column":55},"end":{"line":51,"column":63}},"44":{"start":{"line":52,"column":6},"end":{"line":52,"column":null}},"45":{"start":{"line":52,"column":19},"end":{"line":52,"column":null}},"46":{"start":{"line":57,"column":23},"end":{"line":67,"column":null}},"47":{"start":{"line":58,"column":4},"end":{"line":66,"column":null}},"48":{"start":{"line":59,"column":19},"end":{"line":59,"column":null}},"49":{"start":{"line":60,"column":6},"end":{"line":65,"column":null}},"50":{"start":{"line":61,"column":8},"end":{"line":61,"column":null}},"51":{"start":{"line":63,"column":8},"end":{"line":63,"column":null}},"52":{"start":{"line":64,"column":8},"end":{"line":64,"column":null}},"53":{"start":{"line":66,"column":18},"end":{"line":66,"column":36}},"54":{"start":{"line":66,"column":36},"end":{"line":66,"column":52}},"55":{"start":{"line":69,"column":20},"end":{"line":78,"column":null}},"56":{"start":{"line":70,"column":4},"end":{"line":77,"column":null}},"57":{"start":{"line":71,"column":19},"end":{"line":71,"column":null}},"58":{"start":{"line":72,"column":6},"end":{"line":76,"column":null}},"59":{"start":{"line":73,"column":8},"end":{"line":73,"column":null}},"60":{"start":{"line":75,"column":8},"end":{"line":75,"column":null}},"61":{"start":{"line":77,"column":18},"end":{"line":77,"column":36}},"62":{"start":{"line":77,"column":36},"end":{"line":77,"column":58}},"63":{"start":{"line":80,"column":29},"end":{"line":88,"column":null}},"64":{"start":{"line":81,"column":4},"end":{"line":87,"column":null}},"65":{"start":{"line":82,"column":22},"end":{"line":82,"column":null}},"66":{"start":{"line":83,"column":6},"end":{"line":86,"column":null}},"67":{"start":{"line":84,"column":8},"end":{"line":84,"column":null}},"68":{"start":{"line":85,"column":8},"end":{"line":85,"column":null}},"69":{"start":{"line":90,"column":23},"end":{"line":96,"column":null}},"70":{"start":{"line":91,"column":4},"end":{"line":91,"column":null}},"71":{"start":{"line":91,"column":23},"end":{"line":91,"column":null}},"72":{"start":{"line":92,"column":4},"end":{"line":95,"column":null}},"73":{"start":{"line":93,"column":19},"end":{"line":93,"column":null}},"74":{"start":{"line":94,"column":6},"end":{"line":94,"column":null}},"75":{"start":{"line":94,"column":27},"end":{"line":94,"column":null}},"76":{"start":{"line":98,"column":23},"end":{"line":103,"column":null}},"77":{"start":{"line":99,"column":4},"end":{"line":102,"column":null}},"78":{"start":{"line":100,"column":19},"end":{"line":100,"column":null}},"79":{"start":{"line":101,"column":6},"end":{"line":101,"column":null}},"80":{"start":{"line":105,"column":27},"end":{"line":110,"column":null}},"81":{"start":{"line":106,"column":4},"end":{"line":109,"column":null}},"82":{"start":{"line":107,"column":19},"end":{"line":107,"column":null}},"83":{"start":{"line":108,"column":6},"end":{"line":108,"column":null}},"84":{"start":{"line":112,"column":32},"end":{"line":118,"column":null}},"85":{"start":{"line":113,"column":4},"end":{"line":113,"column":null}},"86":{"start":{"line":114,"column":4},"end":{"line":117,"column":null}},"87":{"start":{"line":115,"column":22},"end":{"line":115,"column":null}},"88":{"start":{"line":116,"column":6},"end":{"line":116,"column":null}},"89":{"start":{"line":117,"column":18},"end":{"line":117,"column":52}},"90":{"start":{"line":117,"column":64},"end":{"line":117,"column":87}},"91":{"start":{"line":121,"column":2},"end":{"line":127,"column":null}},"92":{"start":{"line":122,"column":28},"end":{"line":125,"column":null}},"93":{"start":{"line":123,"column":6},"end":{"line":124,"column":null}},"94":{"start":{"line":123,"column":42},"end":{"line":123,"column":null}},"95":{"start":{"line":124,"column":11},"end":{"line":124,"column":null}},"96":{"start":{"line":126,"column":4},"end":{"line":126,"column":null}},"97":{"start":{"line":126,"column":17},"end":{"line":126,"column":null}},"98":{"start":{"line":129,"column":2},"end":{"line":135,"column":null}},"99":{"start":{"line":130,"column":4},"end":{"line":134,"column":null}},"100":{"start":{"line":131,"column":6},"end":{"line":131,"column":null}},"101":{"start":{"line":132,"column":6},"end":{"line":132,"column":null}},"102":{"start":{"line":133,"column":6},"end":{"line":133,"column":null}},"103":{"start":{"line":137,"column":20},"end":{"line":140,"column":null}},"104":{"start":{"line":138,"column":4},"end":{"line":138,"column":null}},"105":{"start":{"line":139,"column":4},"end":{"line":139,"column":null}},"106":{"start":{"line":139,"column":21},"end":{"line":139,"column":61}},"107":{"start":{"line":142,"column":23},"end":{"line":202,"column":null}},"108":{"start":{"line":143,"column":4},"end":{"line":143,"column":null}},"109":{"start":{"line":143,"column":31},"end":{"line":143,"column":null}},"110":{"start":{"line":144,"column":19},"end":{"line":144,"column":null}},"111":{"start":{"line":145,"column":4},"end":{"line":145,"column":null}},"112":{"start":{"line":145,"column":53},"end":{"line":145,"column":null}},"113":{"start":{"line":147,"column":4},"end":{"line":147,"column":null}},"114":{"start":{"line":147,"column":24},"end":{"line":147,"column":null}},"115":{"start":{"line":148,"column":4},"end":{"line":148,"column":null}},"116":{"start":{"line":149,"column":4},"end":{"line":149,"column":null}},"117":{"start":{"line":151,"column":4},"end":{"line":201,"column":null}},"118":{"start":{"line":152,"column":29},"end":{"line":152,"column":null}},"119":{"start":{"line":153,"column":6},"end":{"line":153,"column":null}},"120":{"start":{"line":153,"column":26},"end":{"line":153,"column":null}},"121":{"start":{"line":155,"column":6},"end":{"line":179,"column":null}},"122":{"start":{"line":157,"column":41},"end":{"line":157,"column":null}},"123":{"start":{"line":160,"column":8},"end":{"line":160,"column":null}},"124":{"start":{"line":161,"column":8},"end":{"line":165,"column":null}},"125":{"start":{"line":162,"column":23},"end":{"line":162,"column":null}},"126":{"start":{"line":163,"column":10},"end":{"line":163,"column":null}},"127":{"start":{"line":164,"column":10},"end":{"line":164,"column":null}},"128":{"start":{"line":166,"column":8},"end":{"line":166,"column":null}},"129":{"start":{"line":168,"column":8},"end":{"line":172,"column":null}},"130":{"start":{"line":169,"column":23},"end":{"line":169,"column":null}},"131":{"start":{"line":170,"column":10},"end":{"line":170,"column":null}},"132":{"start":{"line":171,"column":10},"end":{"line":171,"column":null}},"133":{"start":{"line":174,"column":8},"end":{"line":178,"column":null}},"134":{"start":{"line":175,"column":23},"end":{"line":175,"column":null}},"135":{"start":{"line":176,"column":10},"end":{"line":176,"column":null}},"136":{"start":{"line":177,"column":10},"end":{"line":177,"column":null}},"137":{"start":{"line":181,"column":6},"end":{"line":181,"column":null}},"138":{"start":{"line":181,"column":27},"end":{"line":181,"column":null}},"139":{"start":{"line":183,"column":6},"end":{"line":183,"column":null}},"140":{"start":{"line":184,"column":23},"end":{"line":186,"column":null}},"141":{"start":{"line":188,"column":6},"end":{"line":196,"column":null}},"142":{"start":{"line":189,"column":21},"end":{"line":189,"column":null}},"143":{"start":{"line":190,"column":8},"end":{"line":194,"column":null}},"144":{"start":{"line":191,"column":12},"end":{"line":191,"column":null}},"145":{"start":{"line":193,"column":12},"end":{"line":193,"column":null}},"146":{"start":{"line":195,"column":8},"end":{"line":195,"column":null}},"147":{"start":{"line":197,"column":6},"end":{"line":197,"column":null}},"148":{"start":{"line":199,"column":6},"end":{"line":199,"column":null}},"149":{"start":{"line":200,"column":6},"end":{"line":200,"column":null}},"150":{"start":{"line":204,"column":30},"end":{"line":209,"column":null}},"151":{"start":{"line":205,"column":28},"end":{"line":205,"column":null}},"152":{"start":{"line":206,"column":4},"end":{"line":206,"column":null}},"153":{"start":{"line":207,"column":4},"end":{"line":207,"column":null}},"154":{"start":{"line":208,"column":4},"end":{"line":208,"column":null}},"155":{"start":{"line":208,"column":26},"end":{"line":208,"column":null}},"156":{"start":{"line":208,"column":52},"end":{"line":208,"column":63}},"157":{"start":{"line":211,"column":25},"end":{"line":228,"column":null}},"158":{"start":{"line":212,"column":4},"end":{"line":215,"column":null}},"159":{"start":{"line":213,"column":6},"end":{"line":213,"column":null}},"160":{"start":{"line":214,"column":6},"end":{"line":214,"column":null}},"161":{"start":{"line":217,"column":24},"end":{"line":217,"column":81}},"162":{"start":{"line":220,"column":17},"end":{"line":220,"column":null}},"163":{"start":{"line":221,"column":4},"end":{"line":221,"column":null}},"164":{"start":{"line":222,"column":4},"end":{"line":222,"column":null}},"165":{"start":{"line":223,"column":4},"end":{"line":223,"column":null}},"166":{"start":{"line":224,"column":4},"end":{"line":224,"column":null}},"167":{"start":{"line":225,"column":4},"end":{"line":225,"column":null}},"168":{"start":{"line":227,"column":4},"end":{"line":227,"column":null}},"169":{"start":{"line":230,"column":25},"end":{"line":245,"column":null}},"170":{"start":{"line":231,"column":16},"end":{"line":231,"column":31}},"171":{"start":{"line":232,"column":4},"end":{"line":238,"column":null}},"172":{"start":{"line":233,"column":6},"end":{"line":237,"column":null}},"173":{"start":{"line":234,"column":8},"end":{"line":234,"column":null}},"174":{"start":{"line":236,"column":8},"end":{"line":236,"column":null}},"175":{"start":{"line":239,"column":4},"end":{"line":243,"column":null}},"176":{"start":{"line":240,"column":19},"end":{"line":240,"column":null}},"177":{"start":{"line":241,"column":6},"end":{"line":241,"column":null}},"178":{"start":{"line":242,"column":6},"end":{"line":242,"column":null}},"179":{"start":{"line":244,"column":4},"end":{"line":244,"column":null}},"180":{"start":{"line":247,"column":20},"end":{"line":250,"column":null}},"181":{"start":{"line":248,"column":4},"end":{"line":248,"column":null}},"182":{"start":{"line":249,"column":4},"end":{"line":249,"column":null}},"183":{"start":{"line":249,"column":26},"end":{"line":249,"column":null}},"184":{"start":{"line":249,"column":64},"end":{"line":249,"column":77}},"185":{"start":{"line":252,"column":23},"end":{"line":263,"column":null}},"186":{"start":{"line":253,"column":4},"end":{"line":262,"column":null}},"187":{"start":{"line":254,"column":6},"end":{"line":256,"column":null}},"188":{"start":{"line":257,"column":6},"end":{"line":257,"column":null}},"189":{"start":{"line":258,"column":6},"end":{"line":261,"column":null}},"190":{"start":{"line":259,"column":8},"end":{"line":259,"column":null}},"191":{"start":{"line":260,"column":8},"end":{"line":260,"column":null}},"192":{"start":{"line":262,"column":18},"end":{"line":262,"column":36}},"193":{"start":{"line":265,"column":24},"end":{"line":265,"column":null}},"194":{"start":{"line":265,"column":32},"end":{"line":265,"column":49}},"195":{"start":{"line":265,"column":49},"end":{"line":265,"column":74}},"196":{"start":{"line":267,"column":20},"end":{"line":272,"column":null}},"197":{"start":{"line":268,"column":4},"end":{"line":271,"column":null}},"198":{"start":{"line":269,"column":6},"end":{"line":269,"column":null}},"199":{"start":{"line":270,"column":6},"end":{"line":270,"column":null}},"200":{"start":{"line":271,"column":18},"end":{"line":271,"column":36}},"201":{"start":{"line":274,"column":23},"end":{"line":279,"column":null}},"202":{"start":{"line":275,"column":4},"end":{"line":278,"column":null}},"203":{"start":{"line":276,"column":6},"end":{"line":276,"column":null}},"204":{"start":{"line":277,"column":6},"end":{"line":277,"column":null}},"205":{"start":{"line":278,"column":18},"end":{"line":278,"column":36}},"206":{"start":{"line":281,"column":27},"end":{"line":291,"column":null}},"207":{"start":{"line":282,"column":4},"end":{"line":290,"column":null}},"208":{"start":{"line":283,"column":6},"end":{"line":285,"column":null}},"209":{"start":{"line":286,"column":6},"end":{"line":286,"column":null}},"210":{"start":{"line":287,"column":6},"end":{"line":287,"column":null}},"211":{"start":{"line":288,"column":6},"end":{"line":288,"column":null}},"212":{"start":{"line":289,"column":6},"end":{"line":289,"column":null}},"213":{"start":{"line":290,"column":18},"end":{"line":290,"column":36}},"214":{"start":{"line":293,"column":2},"end":{"line":304,"column":null}}},"fnMap":{"0":{"name":"useDigitalGuide","decl":{"start":{"line":5,"column":16},"end":{"line":5,"column":32}},"loc":{"start":{"line":5,"column":125},"end":{"line":305,"column":null}}},"1":{"name":"(anonymous_2)","decl":{"start":{"line":35,"column":12},"end":{"line":35,"column":null}},"loc":{"start":{"line":35,"column":12},"end":{"line":43,"column":5}}},"2":{"name":"(anonymous_3)","decl":{"start":{"line":46,"column":12},"end":{"line":46,"column":20}},"loc":{"start":{"line":46,"column":12},"end":{"line":46,"column":64}}},"3":{"name":"(anonymous_4)","decl":{"start":{"line":49,"column":12},"end":{"line":49,"column":null}},"loc":{"start":{"line":49,"column":12},"end":{"line":54,"column":5}}},"4":{"name":"(anonymous_5)","decl":{"start":{"line":51,"column":32},"end":{"line":51,"column":38}},"loc":{"start":{"line":51,"column":38},"end":{"line":51,"column":63}}},"5":{"name":"(anonymous_6)","decl":{"start":{"line":51,"column":50},"end":{"line":51,"column":55}},"loc":{"start":{"line":51,"column":55},"end":{"line":51,"column":63}}},"6":{"name":"(anonymous_7)","decl":{"start":{"line":52,"column":13},"end":{"line":52,"column":19}},"loc":{"start":{"line":52,"column":19},"end":{"line":52,"column":null}}},"7":{"name":"(anonymous_8)","decl":{"start":{"line":57,"column":23},"end":{"line":57,"column":null}},"loc":{"start":{"line":57,"column":23},"end":{"line":67,"column":null}}},"8":{"name":"(anonymous_9)","decl":{"start":{"line":69,"column":20},"end":{"line":69,"column":null}},"loc":{"start":{"line":69,"column":20},"end":{"line":78,"column":null}}},"9":{"name":"(anonymous_10)","decl":{"start":{"line":80,"column":29},"end":{"line":80,"column":null}},"loc":{"start":{"line":80,"column":29},"end":{"line":88,"column":null}}},"10":{"name":"(anonymous_11)","decl":{"start":{"line":90,"column":23},"end":{"line":90,"column":30}},"loc":{"start":{"line":90,"column":30},"end":{"line":96,"column":null}}},"11":{"name":"(anonymous_12)","decl":{"start":{"line":94,"column":18},"end":{"line":94,"column":27}},"loc":{"start":{"line":94,"column":27},"end":{"line":94,"column":null}}},"12":{"name":"(anonymous_13)","decl":{"start":{"line":98,"column":23},"end":{"line":98,"column":30}},"loc":{"start":{"line":98,"column":30},"end":{"line":103,"column":null}}},"13":{"name":"(anonymous_14)","decl":{"start":{"line":105,"column":27},"end":{"line":105,"column":34}},"loc":{"start":{"line":105,"column":34},"end":{"line":110,"column":null}}},"14":{"name":"(anonymous_15)","decl":{"start":{"line":112,"column":44},"end":{"line":112,"column":51}},"loc":{"start":{"line":112,"column":51},"end":{"line":118,"column":5}}},"15":{"name":"(anonymous_16)","decl":{"start":{"line":121,"column":12},"end":{"line":121,"column":null}},"loc":{"start":{"line":121,"column":12},"end":{"line":127,"column":5}}},"16":{"name":"(anonymous_17)","decl":{"start":{"line":122,"column":39},"end":{"line":122,"column":null}},"loc":{"start":{"line":122,"column":39},"end":{"line":125,"column":7}}},"17":{"name":"(anonymous_18)","decl":{"start":{"line":126,"column":11},"end":{"line":126,"column":17}},"loc":{"start":{"line":126,"column":17},"end":{"line":126,"column":null}}},"18":{"name":"(anonymous_19)","decl":{"start":{"line":129,"column":12},"end":{"line":129,"column":null}},"loc":{"start":{"line":129,"column":12},"end":{"line":135,"column":5}}},"19":{"name":"(anonymous_20)","decl":{"start":{"line":137,"column":20},"end":{"line":137,"column":21}},"loc":{"start":{"line":137,"column":21},"end":{"line":140,"column":null}}},"20":{"name":"(anonymous_21)","decl":{"start":{"line":139,"column":15},"end":{"line":139,"column":21}},"loc":{"start":{"line":139,"column":21},"end":{"line":139,"column":61}}},"21":{"name":"(anonymous_22)","decl":{"start":{"line":142,"column":23},"end":{"line":142,"column":30}},"loc":{"start":{"line":142,"column":30},"end":{"line":202,"column":null}}},"22":{"name":"(anonymous_23)","decl":{"start":{"line":147,"column":16},"end":{"line":147,"column":24}},"loc":{"start":{"line":147,"column":24},"end":{"line":147,"column":null}}},"23":{"name":"(anonymous_24)","decl":{"start":{"line":153,"column":18},"end":{"line":153,"column":26}},"loc":{"start":{"line":153,"column":26},"end":{"line":153,"column":null}}},"24":{"name":"(anonymous_25)","decl":{"start":{"line":157,"column":35},"end":{"line":157,"column":41}},"loc":{"start":{"line":157,"column":41},"end":{"line":157,"column":null}}},"25":{"name":"(anonymous_26)","decl":{"start":{"line":159,"column":9},"end":{"line":159,"column":10}},"loc":{"start":{"line":159,"column":10},"end":{"line":167,"column":9}}},"26":{"name":"(anonymous_27)","decl":{"start":{"line":161,"column":20},"end":{"line":161,"column":null}},"loc":{"start":{"line":161,"column":20},"end":{"line":165,"column":null}}},"27":{"name":"(anonymous_28)","decl":{"start":{"line":167,"column":9},"end":{"line":167,"column":10}},"loc":{"start":{"line":167,"column":10},"end":{"line":173,"column":9}}},"28":{"name":"(anonymous_29)","decl":{"start":{"line":168,"column":20},"end":{"line":168,"column":null}},"loc":{"start":{"line":168,"column":20},"end":{"line":172,"column":null}}},"29":{"name":"(anonymous_30)","decl":{"start":{"line":173,"column":9},"end":{"line":173,"column":10}},"loc":{"start":{"line":173,"column":10},"end":{"line":179,"column":null}}},"30":{"name":"(anonymous_31)","decl":{"start":{"line":174,"column":20},"end":{"line":174,"column":null}},"loc":{"start":{"line":174,"column":20},"end":{"line":178,"column":null}}},"31":{"name":"(anonymous_32)","decl":{"start":{"line":188,"column":18},"end":{"line":188,"column":null}},"loc":{"start":{"line":188,"column":18},"end":{"line":196,"column":null}}},"32":{"name":"(anonymous_33)","decl":{"start":{"line":204,"column":30},"end":{"line":204,"column":31}},"loc":{"start":{"line":204,"column":31},"end":{"line":209,"column":null}}},"33":{"name":"(anonymous_34)","decl":{"start":{"line":208,"column":18},"end":{"line":208,"column":26}},"loc":{"start":{"line":208,"column":26},"end":{"line":208,"column":null}}},"34":{"name":"(anonymous_35)","decl":{"start":{"line":208,"column":47},"end":{"line":208,"column":52}},"loc":{"start":{"line":208,"column":52},"end":{"line":208,"column":63}}},"35":{"name":"(anonymous_36)","decl":{"start":{"line":211,"column":25},"end":{"line":211,"column":26}},"loc":{"start":{"line":211,"column":39},"end":{"line":228,"column":null}}},"36":{"name":"(anonymous_37)","decl":{"start":{"line":230,"column":25},"end":{"line":230,"column":32}},"loc":{"start":{"line":230,"column":47},"end":{"line":245,"column":null}}},"37":{"name":"(anonymous_38)","decl":{"start":{"line":239,"column":16},"end":{"line":239,"column":null}},"loc":{"start":{"line":239,"column":16},"end":{"line":243,"column":null}}},"38":{"name":"(anonymous_39)","decl":{"start":{"line":247,"column":20},"end":{"line":247,"column":21}},"loc":{"start":{"line":247,"column":34},"end":{"line":250,"column":null}}},"39":{"name":"(anonymous_40)","decl":{"start":{"line":249,"column":18},"end":{"line":249,"column":26}},"loc":{"start":{"line":249,"column":26},"end":{"line":249,"column":null}}},"40":{"name":"(anonymous_41)","decl":{"start":{"line":249,"column":59},"end":{"line":249,"column":64}},"loc":{"start":{"line":249,"column":64},"end":{"line":249,"column":77}}},"41":{"name":"(anonymous_42)","decl":{"start":{"line":252,"column":23},"end":{"line":252,"column":30}},"loc":{"start":{"line":252,"column":30},"end":{"line":263,"column":null}}},"42":{"name":"(anonymous_43)","decl":{"start":{"line":265,"column":24},"end":{"line":265,"column":32}},"loc":{"start":{"line":265,"column":24},"end":{"line":265,"column":null}}},"43":{"name":"(anonymous_44)","decl":{"start":{"line":267,"column":20},"end":{"line":267,"column":27}},"loc":{"start":{"line":267,"column":39},"end":{"line":272,"column":null}}},"44":{"name":"(anonymous_45)","decl":{"start":{"line":274,"column":23},"end":{"line":274,"column":30}},"loc":{"start":{"line":274,"column":42},"end":{"line":279,"column":null}}},"45":{"name":"(anonymous_46)","decl":{"start":{"line":281,"column":27},"end":{"line":281,"column":null}},"loc":{"start":{"line":281,"column":27},"end":{"line":291,"column":null}}}},"branchMap":{"0":{"loc":{"start":{"line":5,"column":32},"end":{"line":5,"column":73}},"type":"default-arg","locations":[{"start":{"line":5,"column":66},"end":{"line":5,"column":73}}]},"1":{"loc":{"start":{"line":41,"column":6},"end":{"line":41,"column":null}},"type":"if","locations":[{"start":{"line":41,"column":6},"end":{"line":41,"column":null}},{"start":{},"end":{}}]},"2":{"loc":{"start":{"line":46,"column":20},"end":{"line":46,"column":61}},"type":"if","locations":[{"start":{"line":46,"column":20},"end":{"line":46,"column":61}},{"start":{},"end":{}}]},"3":{"loc":{"start":{"line":50,"column":4},"end":{"line":53,"column":null}},"type":"if","locations":[{"start":{"line":50,"column":4},"end":{"line":53,"column":null}},{"start":{},"end":{}}]},"4":{"loc":{"start":{"line":60,"column":6},"end":{"line":65,"column":null}},"type":"if","locations":[{"start":{"line":60,"column":6},"end":{"line":65,"column":null}},{"start":{"line":62,"column":13},"end":{"line":65,"column":null}}]},"5":{"loc":{"start":{"line":72,"column":6},"end":{"line":76,"column":null}},"type":"if","locations":[{"start":{"line":72,"column":6},"end":{"line":76,"column":null}},{"start":{"line":74,"column":13},"end":{"line":76,"column":null}}]},"6":{"loc":{"start":{"line":83,"column":6},"end":{"line":86,"column":null}},"type":"if","locations":[{"start":{"line":83,"column":6},"end":{"line":86,"column":null}},{"start":{},"end":{}}]},"7":{"loc":{"start":{"line":83,"column":10},"end":{"line":83,"column":56}},"type":"binary-expr","locations":[{"start":{"line":83,"column":10},"end":{"line":83,"column":36}},{"start":{"line":83,"column":36},"end":{"line":83,"column":56}}]},"8":{"loc":{"start":{"line":91,"column":4},"end":{"line":91,"column":null}},"type":"if","locations":[{"start":{"line":91,"column":4},"end":{"line":91,"column":null}},{"start":{},"end":{}}]},"9":{"loc":{"start":{"line":123,"column":6},"end":{"line":124,"column":null}},"type":"if","locations":[{"start":{"line":123,"column":6},"end":{"line":124,"column":null}},{"start":{"line":124,"column":11},"end":{"line":124,"column":null}}]},"10":{"loc":{"start":{"line":130,"column":4},"end":{"line":134,"column":null}},"type":"if","locations":[{"start":{"line":130,"column":4},"end":{"line":134,"column":null}},{"start":{},"end":{}}]},"11":{"loc":{"start":{"line":143,"column":4},"end":{"line":143,"column":null}},"type":"if","locations":[{"start":{"line":143,"column":4},"end":{"line":143,"column":null}},{"start":{},"end":{}}]},"12":{"loc":{"start":{"line":144,"column":19},"end":{"line":144,"column":null}},"type":"cond-expr","locations":[{"start":{"line":144,"column":43},"end":{"line":144,"column":47}},{"start":{"line":144,"column":47},"end":{"line":144,"column":null}}]},"13":{"loc":{"start":{"line":145,"column":4},"end":{"line":145,"column":null}},"type":"if","locations":[{"start":{"line":145,"column":4},"end":{"line":145,"column":null}},{"start":{},"end":{}}]},"14":{"loc":{"start":{"line":145,"column":8},"end":{"line":145,"column":53}},"type":"binary-expr","locations":[{"start":{"line":145,"column":8},"end":{"line":145,"column":26}},{"start":{"line":145,"column":26},"end":{"line":145,"column":39}},{"start":{"line":145,"column":39},"end":{"line":145,"column":53}}]},"15":{"loc":{"start":{"line":181,"column":6},"end":{"line":181,"column":null}},"type":"if","locations":[{"start":{"line":181,"column":6},"end":{"line":181,"column":null}},{"start":{},"end":{}}]},"16":{"loc":{"start":{"line":184,"column":23},"end":{"line":186,"column":null}},"type":"cond-expr","locations":[{"start":{"line":185,"column":10},"end":{"line":185,"column":null}},{"start":{"line":186,"column":10},"end":{"line":186,"column":null}}]},"17":{"loc":{"start":{"line":190,"column":8},"end":{"line":194,"column":null}},"type":"if","locations":[{"start":{"line":190,"column":8},"end":{"line":194,"column":null}},{"start":{"line":192,"column":15},"end":{"line":194,"column":null}}]},"18":{"loc":{"start":{"line":190,"column":12},"end":{"line":190,"column":88}},"type":"binary-expr","locations":[{"start":{"line":190,"column":12},"end":{"line":190,"column":58}},{"start":{"line":190,"column":58},"end":{"line":190,"column":88}}]},"19":{"loc":{"start":{"line":207,"column":18},"end":{"line":207,"column":null}},"type":"binary-expr","locations":[{"start":{"line":207,"column":18},"end":{"line":207,"column":30}},{"start":{"line":207,"column":30},"end":{"line":207,"column":null}}]},"20":{"loc":{"start":{"line":212,"column":4},"end":{"line":215,"column":null}},"type":"if","locations":[{"start":{"line":212,"column":4},"end":{"line":215,"column":null}},{"start":{},"end":{}}]},"21":{"loc":{"start":{"line":232,"column":4},"end":{"line":238,"column":null}},"type":"if","locations":[{"start":{"line":232,"column":4},"end":{"line":238,"column":null}},{"start":{},"end":{}}]},"22":{"loc":{"start":{"line":249,"column":26},"end":{"line":249,"column":null}},"type":"cond-expr","locations":[{"start":{"line":249,"column":47},"end":{"line":249,"column":77}},{"start":{"line":249,"column":77},"end":{"line":249,"column":null}}]},"23":{"loc":{"start":{"line":258,"column":6},"end":{"line":261,"column":null}},"type":"if","locations":[{"start":{"line":258,"column":6},"end":{"line":261,"column":null}},{"start":{},"end":{}}]},"24":{"loc":{"start":{"line":269,"column":71},"end":{"line":269,"column":88}},"type":"cond-expr","locations":[{"start":{"line":269,"column":82},"end":{"line":269,"column":86}},{"start":{"line":269,"column":86},"end":{"line":269,"column":88}}]}},"s":{"0":11,"1":2,"2":2,"3":10,"4":10,"5":10,"6":10,"7":10,"8":10,"9":10,"10":10,"11":10,"12":10,"13":10,"14":10,"15":10,"16":10,"17":10,"18":10,"19":10,"20":10,"21":10,"22":10,"23":10,"24":10,"25":10,"26":10,"27":10,"28":10,"29":5,"30":5,"31":5,"32":5,"33":5,"34":5,"35":0,"36":10,"37":5,"38":0,"39":10,"40":5,"41":0,"42":0,"43":0,"44":0,"45":0,"46":10,"47":5,"48":5,"49":5,"50":5,"51":0,"52":0,"53":0,"54":0,"55":10,"56":5,"57":5,"58":5,"59":5,"60":0,"61":0,"62":0,"63":10,"64":5,"65":5,"66":5,"67":0,"68":0,"69":10,"70":0,"71":0,"72":0,"73":0,"74":0,"75":0,"76":10,"77":1,"78":1,"79":1,"80":10,"81":1,"82":1,"83":1,"84":10,"85":0,"86":0,"87":0,"88":0,"89":0,"90":0,"91":10,"92":6,"93":1,"94":0,"95":1,"96":6,"97":6,"98":10,"99":6,"100":1,"101":1,"102":1,"103":10,"104":1,"105":1,"106":0,"107":10,"108":0,"109":0,"110":0,"111":0,"112":0,"113":0,"114":0,"115":0,"116":0,"117":0,"118":0,"119":0,"120":0,"121":0,"122":0,"123":0,"124":0,"125":0,"126":0,"127":0,"128":0,"129":0,"130":0,"131":0,"132":0,"133":0,"134":0,"135":0,"136":0,"137":0,"138":0,"139":0,"140":0,"141":0,"142":0,"143":0,"144":0,"145":0,"146":0,"147":0,"148":0,"149":0,"150":10,"151":1,"152":1,"153":1,"154":1,"155":1,"156":0,"157":10,"158":0,"159":0,"160":0,"161":0,"162":0,"163":0,"164":0,"165":0,"166":0,"167":0,"168":0,"169":10,"170":0,"171":0,"172":0,"173":0,"174":0,"175":0,"176":0,"177":0,"178":0,"179":0,"180":10,"181":0,"182":0,"183":0,"184":0,"185":10,"186":0,"187":0,"188":0,"189":0,"190":0,"191":0,"192":0,"193":10,"194":0,"195":0,"196":10,"197":0,"198":0,"199":0,"200":0,"201":10,"202":0,"203":0,"204":0,"205":0,"206":10,"207":0,"208":0,"209":0,"210":0,"211":0,"212":0,"213":0,"214":10},"f":{"0":10,"1":5,"2":5,"3":5,"4":0,"5":0,"6":0,"7":5,"8":5,"9":5,"10":0,"11":0,"12":1,"13":1,"14":0,"15":6,"16":1,"17":6,"18":6,"19":1,"20":0,"21":0,"22":0,"23":0,"24":0,"25":0,"26":0,"27":0,"28":0,"29":0,"30":0,"31":0,"32":1,"33":1,"34":0,"35":0,"36":0,"37":0,"38":0,"39":0,"40":0,"41":0,"42":0,"43":0,"44":0,"45":0},"b":{"0":[10],"1":[0,5],"2":[0,5],"3":[0,5],"4":[5,0],"5":[5,0],"6":[0,5],"7":[5,5],"8":[0,0],"9":[0,1],"10":[1,5],"11":[0,0],"12":[0,0],"13":[0,0],"14":[0,0,0],"15":[0,0],"16":[0,0],"17":[0,0],"18":[0,0],"19":[1,0],"20":[0,0],"21":[0,0],"22":[0,0],"23":[0,0],"24":[0,0]}}
,"C:\\Users\\kynan\\Documents\\zonnehoeve-entreprise\\frontend\\src\\hooks\\usePdfLoader.ts": {"path":"C:\\Users\\kynan\\Documents\\zonnehoeve-entreprise\\frontend\\src\\hooks\\usePdfLoader.ts","statementMap":{"0":{"start":{"line":3,"column":16},"end":{"line":3,"column":29}},"1":{"start":{"line":1,"column":36},"end":{"line":1,"column":null}},"2":{"start":{"line":4,"column":38},"end":{"line":4,"column":null}},"3":{"start":{"line":5,"column":42},"end":{"line":5,"column":null}},"4":{"start":{"line":7,"column":2},"end":{"line":43,"column":null}},"5":{"start":{"line":8,"column":4},"end":{"line":11,"column":null}},"6":{"start":{"line":9,"column":6},"end":{"line":9,"column":null}},"7":{"start":{"line":10,"column":6},"end":{"line":10,"column":null}},"8":{"start":{"line":13,"column":20},"end":{"line":13,"column":null}},"9":{"start":{"line":14,"column":35},"end":{"line":14,"column":null}},"10":{"start":{"line":16,"column":20},"end":{"line":33,"column":null}},"11":{"start":{"line":17,"column":6},"end":{"line":17,"column":null}},"12":{"start":{"line":18,"column":6},"end":{"line":32,"column":null}},"13":{"start":{"line":19,"column":25},"end":{"line":19,"column":null}},"14":{"start":{"line":20,"column":8},"end":{"line":20,"column":null}},"15":{"start":{"line":20,"column":26},"end":{"line":20,"column":null}},"16":{"start":{"line":22,"column":21},"end":{"line":22,"column":null}},"17":{"start":{"line":23,"column":8},"end":{"line":26,"column":null}},"18":{"start":{"line":24,"column":10},"end":{"line":24,"column":null}},"19":{"start":{"line":25,"column":10},"end":{"line":25,"column":null}},"20":{"start":{"line":28,"column":8},"end":{"line":28,"column":null}},"21":{"start":{"line":29,"column":8},"end":{"line":29,"column":null}},"22":{"start":{"line":29,"column":23},"end":{"line":29,"column":null}},"23":{"start":{"line":31,"column":8},"end":{"line":31,"column":null}},"24":{"start":{"line":31,"column":23},"end":{"line":31,"column":null}},"25":{"start":{"line":35,"column":4},"end":{"line":35,"column":null}},"26":{"start":{"line":37,"column":4},"end":{"line":42,"column":null}},"27":{"start":{"line":38,"column":6},"end":{"line":38,"column":null}},"28":{"start":{"line":39,"column":6},"end":{"line":41,"column":null}},"29":{"start":{"line":40,"column":8},"end":{"line":40,"column":null}},"30":{"start":{"line":45,"column":2},"end":{"line":45,"column":null}}},"fnMap":{"0":{"name":"usePdfLoader","decl":{"start":{"line":3,"column":16},"end":{"line":3,"column":29}},"loc":{"start":{"line":3,"column":96},"end":{"line":46,"column":null}}},"1":{"name":"(anonymous_2)","decl":{"start":{"line":7,"column":12},"end":{"line":7,"column":null}},"loc":{"start":{"line":7,"column":12},"end":{"line":43,"column":5}}},"2":{"name":"(anonymous_3)","decl":{"start":{"line":16,"column":20},"end":{"line":16,"column":null}},"loc":{"start":{"line":16,"column":20},"end":{"line":33,"column":null}}},"3":{"name":"(anonymous_4)","decl":{"start":{"line":37,"column":11},"end":{"line":37,"column":null}},"loc":{"start":{"line":37,"column":11},"end":{"line":42,"column":null}}}},"branchMap":{"0":{"loc":{"start":{"line":8,"column":4},"end":{"line":11,"column":null}},"type":"if","locations":[{"start":{"line":8,"column":4},"end":{"line":11,"column":null}},{"start":{},"end":{}}]},"1":{"loc":{"start":{"line":20,"column":8},"end":{"line":20,"column":null}},"type":"if","locations":[{"start":{"line":20,"column":8},"end":{"line":20,"column":null}},{"start":{},"end":{}}]},"2":{"loc":{"start":{"line":23,"column":8},"end":{"line":26,"column":null}},"type":"if","locations":[{"start":{"line":23,"column":8},"end":{"line":26,"column":null}},{"start":{},"end":{}}]},"3":{"loc":{"start":{"line":29,"column":8},"end":{"line":29,"column":null}},"type":"if","locations":[{"start":{"line":29,"column":8},"end":{"line":29,"column":null}},{"start":{},"end":{}}]},"4":{"loc":{"start":{"line":31,"column":8},"end":{"line":31,"column":null}},"type":"if","locations":[{"start":{"line":31,"column":8},"end":{"line":31,"column":null}},{"start":{},"end":{}}]},"5":{"loc":{"start":{"line":39,"column":6},"end":{"line":41,"column":null}},"type":"if","locations":[{"start":{"line":39,"column":6},"end":{"line":41,"column":null}},{"start":{},"end":{}}]}},"s":{"0":6,"1":1,"2":6,"3":6,"4":6,"5":5,"6":4,"7":4,"8":1,"9":1,"10":1,"11":1,"12":1,"13":1,"14":1,"15":0,"16":1,"17":0,"18":0,"19":0,"20":1,"21":1,"22":1,"23":1,"24":1,"25":1,"26":1,"27":1,"28":1,"29":0,"30":6},"f":{"0":6,"1":5,"2":1,"3":1},"b":{"0":[4,1],"1":[0,1],"2":[0,0],"3":[1,0],"4":[1,0],"5":[0,1]}}
,"C:\\Users\\kynan\\Documents\\zonnehoeve-entreprise\\frontend\\src\\lib\\api_client.ts": {"path":"C:\\Users\\kynan\\Documents\\zonnehoeve-entreprise\\frontend\\src\\lib\\api_client.ts","statementMap":{"0":{"start":{"line":36,"column":13},"end":{"line":36,"column":19}},"1":{"start":{"line":5,"column":21},"end":{"line":5,"column":null}},"2":{"start":{"line":9,"column":14},"end":{"line":9,"column":38}},"3":{"start":{"line":10,"column":2},"end":{"line":33,"column":null}},"4":{"start":{"line":11,"column":21},"end":{"line":17,"column":null}},"5":{"start":{"line":19,"column":4},"end":{"line":27,"column":null}},"6":{"start":{"line":20,"column":24},"end":{"line":20,"column":null}},"7":{"start":{"line":21,"column":6},"end":{"line":25,"column":null}},"8":{"start":{"line":26,"column":6},"end":{"line":26,"column":null}},"9":{"start":{"line":29,"column":4},"end":{"line":29,"column":null}},"10":{"start":{"line":31,"column":4},"end":{"line":31,"column":null}},"11":{"start":{"line":32,"column":4},"end":{"line":32,"column":null}},"12":{"start":{"line":36,"column":19},"end":{"line":98,"column":null}},"13":{"start":{"line":37,"column":51},"end":{"line":37,"column":null}},"14":{"start":{"line":38,"column":63},"end":{"line":38,"column":null}},"15":{"start":{"line":39,"column":64},"end":{"line":39,"column":null}},"16":{"start":{"line":40,"column":54},"end":{"line":40,"column":null}},"17":{"start":{"line":50,"column":21},"end":{"line":54,"column":null}},"18":{"start":{"line":56,"column":4},"end":{"line":56,"column":null}},"19":{"start":{"line":56,"column":22},"end":{"line":56,"column":null}},"20":{"start":{"line":58,"column":19},"end":{"line":58,"column":null}},"21":{"start":{"line":59,"column":20},"end":{"line":59,"column":null}},"22":{"start":{"line":60,"column":17},"end":{"line":60,"column":null}},"23":{"start":{"line":62,"column":4},"end":{"line":96,"column":null}},"24":{"start":{"line":63,"column":6},"end":{"line":91,"column":null}},"25":{"start":{"line":64,"column":32},"end":{"line":64,"column":null}},"26":{"start":{"line":65,"column":8},"end":{"line":65,"column":null}},"27":{"start":{"line":65,"column":18},"end":{"line":65,"column":null}},"28":{"start":{"line":67,"column":8},"end":{"line":67,"column":null}},"29":{"start":{"line":71,"column":27},"end":{"line":71,"column":null}},"30":{"start":{"line":72,"column":8},"end":{"line":75,"column":null}},"31":{"start":{"line":73,"column":10},"end":{"line":73,"column":null}},"32":{"start":{"line":73,"column":23},"end":{"line":73,"column":null}},"33":{"start":{"line":74,"column":10},"end":{"line":74,"column":null}},"34":{"start":{"line":78,"column":29},"end":{"line":78,"column":null}},"35":{"start":{"line":79,"column":8},"end":{"line":83,"column":null}},"36":{"start":{"line":80,"column":26},"end":{"line":80,"column":90}},"37":{"start":{"line":80,"column":83},"end":{"line":80,"column":88}},"38":{"start":{"line":81,"column":10},"end":{"line":81,"column":null}},"39":{"start":{"line":81,"column":25},"end":{"line":81,"column":null}},"40":{"start":{"line":82,"column":10},"end":{"line":82,"column":null}},"41":{"start":{"line":87,"column":8},"end":{"line":90,"column":null}},"42":{"start":{"line":88,"column":10},"end":{"line":88,"column":null}},"43":{"start":{"line":89,"column":10},"end":{"line":89,"column":null}},"44":{"start":{"line":93,"column":6},"end":{"line":95,"column":null}},"45":{"start":{"line":94,"column":8},"end":{"line":94,"column":null}}},"fnMap":{"0":{"name":"request","decl":{"start":{"line":8,"column":15},"end":{"line":8,"column":26}},"loc":{"start":{"line":8,"column":65},"end":{"line":34,"column":null}}},"1":{"name":"(anonymous_2)","decl":{"start":{"line":37,"column":7},"end":{"line":37,"column":11}},"loc":{"start":{"line":37,"column":51},"end":{"line":37,"column":null}}},"2":{"name":"(anonymous_3)","decl":{"start":{"line":38,"column":8},"end":{"line":38,"column":12}},"loc":{"start":{"line":38,"column":63},"end":{"line":38,"column":null}}},"3":{"name":"(anonymous_4)","decl":{"start":{"line":39,"column":9},"end":{"line":39,"column":13}},"loc":{"start":{"line":39,"column":64},"end":{"line":39,"column":null}}},"4":{"name":"(anonymous_5)","decl":{"start":{"line":40,"column":10},"end":{"line":40,"column":14}},"loc":{"start":{"line":40,"column":54},"end":{"line":40,"column":null}}},"5":{"name":"(anonymous_6)","decl":{"start":{"line":43,"column":10},"end":{"line":43,"column":null}},"loc":{"start":{"line":48,"column":4},"end":{"line":97,"column":null}}},"6":{"name":"(anonymous_7)","decl":{"start":{"line":80,"column":78},"end":{"line":80,"column":83}},"loc":{"start":{"line":80,"column":83},"end":{"line":80,"column":88}}}},"branchMap":{"0":{"loc":{"start":{"line":8,"column":40},"end":{"line":8,"column":65}},"type":"default-arg","locations":[{"start":{"line":8,"column":63},"end":{"line":8,"column":65}}]},"1":{"loc":{"start":{"line":19,"column":4},"end":{"line":27,"column":null}},"type":"if","locations":[{"start":{"line":19,"column":4},"end":{"line":27,"column":null}},{"start":{},"end":{}}]},"2":{"loc":{"start":{"line":56,"column":4},"end":{"line":56,"column":null}},"type":"if","locations":[{"start":{"line":56,"column":4},"end":{"line":56,"column":null}},{"start":{},"end":{}}]},"3":{"loc":{"start":{"line":62,"column":4},"end":{"line":96,"column":null}},"type":"if","locations":[{"start":{"line":62,"column":4},"end":{"line":96,"column":null}},{"start":{},"end":{}}]},"4":{"loc":{"start":{"line":65,"column":8},"end":{"line":65,"column":null}},"type":"if","locations":[{"start":{"line":65,"column":8},"end":{"line":65,"column":null}},{"start":{},"end":{}}]},"5":{"loc":{"start":{"line":72,"column":8},"end":{"line":75,"column":null}},"type":"if","locations":[{"start":{"line":72,"column":8},"end":{"line":75,"column":null}},{"start":{},"end":{}}]},"6":{"loc":{"start":{"line":73,"column":10},"end":{"line":73,"column":null}},"type":"if","locations":[{"start":{"line":73,"column":10},"end":{"line":73,"column":null}},{"start":{},"end":{}}]},"7":{"loc":{"start":{"line":79,"column":8},"end":{"line":83,"column":null}},"type":"if","locations":[{"start":{"line":79,"column":8},"end":{"line":83,"column":null}},{"start":{},"end":{}}]},"8":{"loc":{"start":{"line":80,"column":26},"end":{"line":80,"column":90}},"type":"cond-expr","locations":[{"start":{"line":80,"column":44},"end":{"line":80,"column":88}},{"start":{"line":80,"column":88},"end":{"line":80,"column":90}}]},"9":{"loc":{"start":{"line":81,"column":10},"end":{"line":81,"column":null}},"type":"if","locations":[{"start":{"line":81,"column":10},"end":{"line":81,"column":null}},{"start":{},"end":{}}]},"10":{"loc":{"start":{"line":87,"column":8},"end":{"line":90,"column":null}},"type":"if","locations":[{"start":{"line":87,"column":8},"end":{"line":90,"column":null}},{"start":{},"end":{}}]},"11":{"loc":{"start":{"line":87,"column":12},"end":{"line":87,"column":117}},"type":"binary-expr","locations":[{"start":{"line":87,"column":12},"end":{"line":87,"column":22}},{"start":{"line":87,"column":22},"end":{"line":87,"column":48}},{"start":{"line":87,"column":48},"end":{"line":87,"column":83}},{"start":{"line":87,"column":83},"end":{"line":87,"column":117}}]},"12":{"loc":{"start":{"line":93,"column":6},"end":{"line":95,"column":null}},"type":"if","locations":[{"start":{"line":93,"column":6},"end":{"line":95,"column":null}},{"start":{},"end":{}}]}},"s":{"0":19,"1":3,"2":19,"3":19,"4":19,"5":19,"6":0,"7":0,"8":0,"9":19,"10":0,"11":0,"12":3,"13":19,"14":0,"15":0,"16":0,"17":0,"18":0,"19":0,"20":0,"21":0,"22":0,"23":0,"24":0,"25":0,"26":0,"27":0,"28":0,"29":0,"30":0,"31":0,"32":0,"33":0,"34":0,"35":0,"36":0,"37":0,"38":0,"39":0,"40":0,"41":0,"42":0,"43":0,"44":0,"45":0},"f":{"0":19,"1":19,"2":0,"3":0,"4":0,"5":0,"6":0},"b":{"0":[0],"1":[0,19],"2":[0,0],"3":[0,0],"4":[0,0],"5":[0,0],"6":[0,0],"7":[0,0],"8":[0,0],"9":[0,0],"10":[0,0],"11":[0,0,0,0],"12":[0,0]}}
,"C:\\Users\\kynan\\Documents\\zonnehoeve-entreprise\\frontend\\src\\lib\\utils.ts": {"path":"C:\\Users\\kynan\\Documents\\zonnehoeve-entreprise\\frontend\\src\\lib\\utils.ts","statementMap":{"0":{"start":{"line":4,"column":16},"end":{"line":4,"column":19}},"1":{"start":{"line":1,"column":38},"end":{"line":1,"column":null}},"2":{"start":{"line":2,"column":24},"end":{"line":2,"column":null}},"3":{"start":{"line":5,"column":2},"end":{"line":5,"column":null}}},"fnMap":{"0":{"name":"cn","decl":{"start":{"line":4,"column":16},"end":{"line":4,"column":19}},"loc":{"start":{"line":4,"column":42},"end":{"line":6,"column":null}}}},"branchMap":{},"s":{"0":99,"1":3,"2":3,"3":99},"f":{"0":99},"b":{}}
}
