TN:
SF:src\components\DigitalGuide.tsx
FN:25,DigitalGuide
FN:48,(anonymous_3)
FN:59,(anonymous_4)
FN:63,(anonymous_5)
FN:74,(anonymous_6)
FN:79,(anonymous_7)
FN:88,(anonymous_8)
FN:91,(anonymous_9)
FN:96,(anonymous_10)
FN:123,(anonymous_11)
FN:154,(anonymous_12)
FN:176,(anonymous_13)
FN:177,(anonymous_14)
FN:189,(anonymous_15)
FN:204,(anonymous_16)
FN:230,(anonymous_17)
FN:231,(anonymous_18)
FN:232,(anonymous_19)
FN:237,(anonymous_20)
FN:288,(anonymous_21)
FN:291,(anonymous_22)
FN:304,(anonymous_23)
FNF:22
FNH:4
FNDA:6,DigitalGuide
FNDA:5,(anonymous_3)
FNDA:0,(anonymous_4)
FNDA:0,(anonymous_5)
FNDA:0,(anonymous_6)
FNDA:0,(anonymous_7)
FNDA:0,(anonymous_8)
FNDA:0,(anonymous_9)
FNDA:0,(anonymous_10)
FNDA:0,(anonymous_11)
FNDA:0,(anonymous_12)
FNDA:12,(anonymous_13)
FNDA:1,(anonymous_14)
FNDA:0,(anonymous_15)
FNDA:0,(anonymous_16)
FNDA:0,(anonymous_17)
FNDA:0,(anonymous_18)
FNDA:0,(anonymous_19)
FNDA:0,(anonymous_20)
FNDA:0,(anonymous_21)
FNDA:0,(anonymous_22)
FNDA:0,(anonymous_23)
DA:3,1
DA:4,1
DA:5,1
DA:6,1
DA:7,1
DA:8,1
DA:9,1
DA:12,1
DA:13,1
DA:14,1
DA:15,1
DA:16,1
DA:17,1
DA:18,1
DA:21,1
DA:22,1
DA:25,5
DA:36,6
DA:38,6
DA:39,6
DA:40,6
DA:41,6
DA:42,6
DA:43,6
DA:44,6
DA:45,6
DA:48,6
DA:49,5
DA:50,5
DA:51,5
DA:52,5
DA:53,0
DA:59,6
DA:60,0
DA:63,6
DA:64,0
DA:65,0
DA:66,0
DA:67,0
DA:69,0
DA:70,0
DA:74,6
DA:75,0
DA:76,0
DA:79,6
DA:80,0
DA:81,0
DA:82,0
DA:83,0
DA:84,0
DA:85,0
DA:86,0
DA:87,0
DA:88,0
DA:91,6
DA:92,0
DA:93,0
DA:96,6
DA:97,0
DA:98,0
DA:99,0
DA:100,0
DA:101,0
DA:102,0
DA:103,0
DA:104,0
DA:105,0
DA:123,0
DA:154,0
DA:177,12
DA:190,0
DA:204,0
DA:230,0
DA:231,0
DA:232,0
DA:237,0
DA:288,0
DA:291,0
DA:304,0
LF:79
LH:38
BRDA:25,0,0,6
BRDA:52,1,0,0
BRDA:52,1,1,5
BRDA:53,2,0,0
BRDA:53,2,1,0
BRDA:64,3,0,0
BRDA:64,3,1,0
BRDA:67,4,0,0
BRDA:67,4,1,0
BRDA:81,5,0,0
BRDA:81,5,1,0
BRDA:83,6,0,0
BRDA:83,6,1,0
BRDA:93,7,0,0
BRDA:93,7,1,0
BRDA:97,8,0,0
BRDA:97,8,1,0
BRDA:100,9,0,0
BRDA:100,9,1,0
BRDA:101,10,0,0
BRDA:101,10,1,0
BRDA:111,11,0,6
BRDA:138,12,0,0
BRDA:138,12,1,6
BRDA:142,13,0,0
BRDA:142,13,1,6
BRDA:151,14,0,0
BRDA:151,14,1,6
BRDA:157,15,0,0
BRDA:157,15,1,6
BRDA:165,16,0,6
BRDA:168,17,0,0
BRDA:168,17,1,6
BRDA:172,18,0,0
BRDA:172,18,1,6
BRDA:176,19,0,6
BRDA:176,19,1,0
BRDA:180,20,0,0
BRDA:180,20,1,12
BRDA:196,21,0,6
BRDA:196,21,1,0
BRDA:196,21,2,0
BRDA:203,22,0,6
BRDA:220,23,0,0
BRDA:220,23,1,6
BRDA:223,24,0,2
BRDA:226,25,0,2
BRDA:226,25,1,2
BRDA:237,26,0,2
BRDA:241,27,0,1
BRDA:246,28,0,0
BRDA:248,29,0,0
BRDA:248,29,1,0
BRDA:261,30,0,0
BRDA:261,30,1,4
BRDA:283,31,0,6
BRDA:300,32,0,6
BRDA:300,32,1,0
BRDA:308,33,0,0
BRDA:308,34,0,0
BRDA:308,34,1,0
BRF:61
BRH:23
end_of_record
TN:
SF:src\components\FourMoments.tsx
FN:65,FourMoments
FN:69,(anonymous_2)
FN:71,(anonymous_3)
FN:81,(anonymous_4)
FN:87,(anonymous_5)
FN:116,(anonymous_6)
FN:119,(anonymous_7)
FNF:7
FNH:4
FNDA:8,FourMoments
FNDA:4,(anonymous_2)
FNDA:12,(anonymous_3)
FNDA:0,(anonymous_4)
FNDA:0,(anonymous_5)
FNDA:12,(anonymous_6)
FNDA:0,(anonymous_7)
DA:3,1
DA:4,1
DA:5,1
DA:18,1
DA:65,4
DA:66,8
DA:67,8
DA:69,8
DA:70,4
DA:71,12
DA:72,4
DA:74,4
DA:75,4
DA:76,4
DA:81,8
DA:82,0
DA:83,0
DA:84,0
DA:85,0
DA:87,0
DA:90,8
DA:117,12
DA:120,0
DA:121,0
LF:24
LH:17
BRDA:71,0,0,12
BRDA:71,0,1,12
BRDA:72,1,0,4
BRDA:72,1,1,0
BRDA:75,2,0,4
BRDA:75,2,1,0
BRDA:83,3,0,0
BRDA:83,3,1,0
BRDA:90,4,0,4
BRDA:90,4,1,4
BRDA:94,5,0,4
BRF:11
BRH:7
end_of_record
TN:
SF:src\components\Chat\ChatInput.tsx
FN:18,ChatInput
FN:37,(anonymous_3)
FNF:2
FNH:2
FNDA:5,ChatInput
FNDA:1,(anonymous_3)
DA:3,1
DA:4,1
DA:5,1
DA:6,1
DA:18,5
DA:37,1
LF:6
LH:6
BRDA:38,0,0,1
BRDA:38,0,1,4
BRDA:39,1,0,5
BRDA:39,1,1,4
BRDA:42,2,0,0
BRDA:42,2,1,5
BRDA:54,3,0,5
BRDA:54,3,1,1
BRDA:54,3,2,1
BRDA:57,4,0,0
BRDA:57,4,1,5
BRDA:63,5,0,1
BRDA:72,6,0,1
BRDA:72,6,1,4
BRF:14
BRH:12
end_of_record
TN:
SF:src\components\Library\DocumentItem.tsx
FN:19,DocumentItem
FN:33,(anonymous_2)
FN:34,(anonymous_3)
FN:35,(anonymous_4)
FN:63,(anonymous_5)
FN:71,(anonymous_6)
FNF:6
FNH:5
FNDA:6,DocumentItem
FNDA:1,(anonymous_2)
FNDA:1,(anonymous_3)
FNDA:2,(anonymous_4)
FNDA:0,(anonymous_5)
FNDA:1,(anonymous_6)
DA:3,1
DA:4,1
DA:5,1
DA:19,6
DA:33,1
DA:34,1
DA:35,2
DA:63,0
DA:71,1
LF:9
LH:8
BRDA:38,0,0,0
BRDA:38,0,1,6
BRDA:46,1,0,0
BRDA:46,1,1,6
BRDA:54,2,0,0
BRDA:54,2,1,6
BRDA:61,3,0,6
BRDA:74,4,0,0
BRDA:74,4,1,6
BRDA:77,5,0,0
BRDA:77,5,1,6
BRDA:83,6,0,6
BRDA:83,6,1,1
BRDA:90,7,0,0
BRDA:90,7,1,1
BRF:15
BRH:9
end_of_record
TN:
SF:src\hooks\useDigitalGuide.ts
FN:5,useDigitalGuide
FN:35,(anonymous_2)
FN:46,(anonymous_3)
FN:49,(anonymous_4)
FN:51,(anonymous_5)
FN:51,(anonymous_6)
FN:52,(anonymous_7)
FN:57,(anonymous_8)
FN:69,(anonymous_9)
FN:80,(anonymous_10)
FN:90,(anonymous_11)
FN:94,(anonymous_12)
FN:98,(anonymous_13)
FN:105,(anonymous_14)
FN:112,(anonymous_15)
FN:121,(anonymous_16)
FN:122,(anonymous_17)
FN:126,(anonymous_18)
FN:129,(anonymous_19)
FN:137,(anonymous_20)
FN:139,(anonymous_21)
FN:142,(anonymous_22)
FN:147,(anonymous_23)
FN:153,(anonymous_24)
FN:157,(anonymous_25)
FN:159,(anonymous_26)
FN:161,(anonymous_27)
FN:167,(anonymous_28)
FN:168,(anonymous_29)
FN:173,(anonymous_30)
FN:174,(anonymous_31)
FN:188,(anonymous_32)
FN:204,(anonymous_33)
FN:208,(anonymous_34)
FN:208,(anonymous_35)
FN:211,(anonymous_36)
FN:230,(anonymous_37)
FN:239,(anonymous_38)
FN:247,(anonymous_39)
FN:249,(anonymous_40)
FN:249,(anonymous_41)
FN:252,(anonymous_42)
FN:265,(anonymous_43)
FN:267,(anonymous_44)
FN:274,(anonymous_45)
FN:281,(anonymous_46)
FNF:46
FNH:16
FNDA:10,useDigitalGuide
FNDA:5,(anonymous_2)
FNDA:5,(anonymous_3)
FNDA:5,(anonymous_4)
FNDA:0,(anonymous_5)
FNDA:0,(anonymous_6)
FNDA:0,(anonymous_7)
FNDA:5,(anonymous_8)
FNDA:5,(anonymous_9)
FNDA:5,(anonymous_10)
FNDA:0,(anonymous_11)
FNDA:0,(anonymous_12)
FNDA:1,(anonymous_13)
FNDA:1,(anonymous_14)
FNDA:0,(anonymous_15)
FNDA:6,(anonymous_16)
FNDA:1,(anonymous_17)
FNDA:6,(anonymous_18)
FNDA:6,(anonymous_19)
FNDA:1,(anonymous_20)
FNDA:0,(anonymous_21)
FNDA:0,(anonymous_22)
FNDA:0,(anonymous_23)
FNDA:0,(anonymous_24)
FNDA:0,(anonymous_25)
FNDA:0,(anonymous_26)
FNDA:0,(anonymous_27)
FNDA:0,(anonymous_28)
FNDA:0,(anonymous_29)
FNDA:0,(anonymous_30)
FNDA:0,(anonymous_31)
FNDA:0,(anonymous_32)
FNDA:1,(anonymous_33)
FNDA:1,(anonymous_34)
FNDA:0,(anonymous_35)
FNDA:0,(anonymous_36)
FNDA:0,(anonymous_37)
FNDA:0,(anonymous_38)
FNDA:0,(anonymous_39)
FNDA:0,(anonymous_40)
FNDA:0,(anonymous_41)
FNDA:0,(anonymous_42)
FNDA:0,(anonymous_43)
FNDA:0,(anonymous_44)
FNDA:0,(anonymous_45)
FNDA:0,(anonymous_46)
DA:1,2
DA:3,2
DA:5,11
DA:7,10
DA:8,10
DA:9,10
DA:10,10
DA:11,10
DA:12,10
DA:13,10
DA:14,10
DA:15,10
DA:16,10
DA:17,10
DA:18,10
DA:19,10
DA:20,10
DA:21,10
DA:22,10
DA:23,10
DA:24,10
DA:25,10
DA:26,10
DA:27,10
DA:28,10
DA:29,10
DA:30,10
DA:32,10
DA:35,10
DA:36,5
DA:37,5
DA:38,5
DA:39,5
DA:40,5
DA:41,5
DA:46,10
DA:49,10
DA:50,5
DA:51,0
DA:52,0
DA:57,10
DA:58,5
DA:59,5
DA:60,5
DA:61,5
DA:63,0
DA:64,0
DA:66,0
DA:69,10
DA:70,5
DA:71,5
DA:72,5
DA:73,5
DA:75,0
DA:77,0
DA:80,10
DA:81,5
DA:82,5
DA:83,5
DA:84,0
DA:85,0
DA:90,10
DA:91,0
DA:92,0
DA:93,0
DA:94,0
DA:98,10
DA:99,1
DA:100,1
DA:101,1
DA:105,10
DA:106,1
DA:107,1
DA:108,1
DA:112,10
DA:113,0
DA:114,0
DA:115,0
DA:116,0
DA:117,0
DA:121,10
DA:122,6
DA:123,1
DA:124,1
DA:126,6
DA:129,10
DA:130,6
DA:131,1
DA:132,1
DA:133,1
DA:137,10
DA:138,1
DA:139,1
DA:142,10
DA:143,0
DA:144,0
DA:145,0
DA:147,0
DA:148,0
DA:149,0
DA:151,0
DA:152,0
DA:153,0
DA:155,0
DA:157,0
DA:160,0
DA:161,0
DA:162,0
DA:163,0
DA:164,0
DA:166,0
DA:168,0
DA:169,0
DA:170,0
DA:171,0
DA:174,0
DA:175,0
DA:176,0
DA:177,0
DA:181,0
DA:183,0
DA:184,0
DA:188,0
DA:189,0
DA:190,0
DA:191,0
DA:193,0
DA:195,0
DA:197,0
DA:199,0
DA:200,0
DA:204,10
DA:205,1
DA:206,1
DA:207,1
DA:208,1
DA:211,10
DA:212,0
DA:213,0
DA:214,0
DA:217,0
DA:220,0
DA:221,0
DA:222,0
DA:223,0
DA:224,0
DA:225,0
DA:227,0
DA:230,10
DA:231,0
DA:232,0
DA:233,0
DA:234,0
DA:236,0
DA:239,0
DA:240,0
DA:241,0
DA:242,0
DA:244,0
DA:247,10
DA:248,0
DA:249,0
DA:252,10
DA:253,0
DA:254,0
DA:257,0
DA:258,0
DA:259,0
DA:260,0
DA:262,0
DA:265,10
DA:267,10
DA:268,0
DA:269,0
DA:270,0
DA:271,0
DA:274,10
DA:275,0
DA:276,0
DA:277,0
DA:278,0
DA:281,10
DA:282,0
DA:283,0
DA:286,0
DA:287,0
DA:288,0
DA:289,0
DA:290,0
DA:293,10
LF:190
LH:90
BRDA:5,0,0,10
BRDA:41,1,0,0
BRDA:41,1,1,5
BRDA:46,2,0,0
BRDA:46,2,1,5
BRDA:50,3,0,0
BRDA:50,3,1,5
BRDA:60,4,0,5
BRDA:60,4,1,0
BRDA:72,5,0,5
BRDA:72,5,1,0
BRDA:83,6,0,0
BRDA:83,6,1,5
BRDA:83,7,0,5
BRDA:83,7,1,5
BRDA:91,8,0,0
BRDA:91,8,1,0
BRDA:123,9,0,0
BRDA:123,9,1,1
BRDA:130,10,0,1
BRDA:130,10,1,5
BRDA:143,11,0,0
BRDA:143,11,1,0
BRDA:144,12,0,0
BRDA:144,12,1,0
BRDA:145,13,0,0
BRDA:145,13,1,0
BRDA:145,14,0,0
BRDA:145,14,1,0
BRDA:145,14,2,0
BRDA:181,15,0,0
BRDA:181,15,1,0
BRDA:184,16,0,0
BRDA:184,16,1,0
BRDA:190,17,0,0
BRDA:190,17,1,0
BRDA:190,18,0,0
BRDA:190,18,1,0
BRDA:207,19,0,1
BRDA:207,19,1,0
BRDA:212,20,0,0
BRDA:212,20,1,0
BRDA:232,21,0,0
BRDA:232,21,1,0
BRDA:249,22,0,0
BRDA:249,22,1,0
BRDA:258,23,0,0
BRDA:258,23,1,0
BRDA:269,24,0,0
BRDA:269,24,1,0
BRF:50
BRH:13
end_of_record
TN:
SF:src\hooks\usePdfLoader.ts
FN:3,usePdfLoader
FN:7,(anonymous_2)
FN:16,(anonymous_3)
FN:37,(anonymous_4)
FNF:4
FNH:4
FNDA:6,usePdfLoader
FNDA:5,(anonymous_2)
FNDA:1,(anonymous_3)
FNDA:1,(anonymous_4)
DA:1,1
DA:3,6
DA:4,6
DA:5,6
DA:7,6
DA:8,5
DA:9,4
DA:10,4
DA:13,1
DA:14,1
DA:16,1
DA:17,1
DA:18,1
DA:19,1
DA:20,1
DA:22,1
DA:23,0
DA:24,0
DA:25,0
DA:28,1
DA:29,1
DA:31,1
DA:35,1
DA:37,1
DA:38,1
DA:39,1
DA:40,0
DA:45,6
LF:28
LH:24
BRDA:8,0,0,4
BRDA:8,0,1,1
BRDA:20,1,0,0
BRDA:20,1,1,1
BRDA:23,2,0,0
BRDA:23,2,1,0
BRDA:29,3,0,1
BRDA:29,3,1,0
BRDA:31,4,0,1
BRDA:31,4,1,0
BRDA:39,5,0,0
BRDA:39,5,1,1
BRF:12
BRH:6
end_of_record
TN:
SF:src\lib\api_client.ts
FN:8,request
FN:37,(anonymous_2)
FN:38,(anonymous_3)
FN:39,(anonymous_4)
FN:40,(anonymous_5)
FN:43,(anonymous_6)
FN:80,(anonymous_7)
FNF:7
FNH:2
FNDA:19,request
FNDA:19,(anonymous_2)
FNDA:0,(anonymous_3)
FNDA:0,(anonymous_4)
FNDA:0,(anonymous_5)
FNDA:0,(anonymous_6)
FNDA:0,(anonymous_7)
DA:5,3
DA:9,19
DA:10,19
DA:11,19
DA:19,19
DA:20,0
DA:21,0
DA:26,0
DA:29,19
DA:31,0
DA:32,0
DA:36,19
DA:37,19
DA:38,0
DA:39,0
DA:40,0
DA:50,0
DA:56,0
DA:58,0
DA:59,0
DA:60,0
DA:62,0
DA:63,0
DA:64,0
DA:65,0
DA:67,0
DA:71,0
DA:72,0
DA:73,0
DA:74,0
DA:78,0
DA:79,0
DA:80,0
DA:81,0
DA:82,0
DA:87,0
DA:88,0
DA:89,0
DA:93,0
DA:94,0
LF:40
LH:8
BRDA:8,0,0,0
BRDA:19,1,0,0
BRDA:19,1,1,19
BRDA:56,2,0,0
BRDA:56,2,1,0
BRDA:62,3,0,0
BRDA:62,3,1,0
BRDA:65,4,0,0
BRDA:65,4,1,0
BRDA:72,5,0,0
BRDA:72,5,1,0
BRDA:73,6,0,0
BRDA:73,6,1,0
BRDA:79,7,0,0
BRDA:79,7,1,0
BRDA:80,8,0,0
BRDA:80,8,1,0
BRDA:81,9,0,0
BRDA:81,9,1,0
BRDA:87,10,0,0
BRDA:87,10,1,0
BRDA:87,11,0,0
BRDA:87,11,1,0
BRDA:87,11,2,0
BRDA:87,11,3,0
BRDA:93,12,0,0
BRDA:93,12,1,0
BRF:27
BRH:1
end_of_record
TN:
SF:src\lib\utils.ts
FN:4,cn
FNF:1
FNH:1
FNDA:99,cn
DA:1,3
DA:2,3
DA:4,99
DA:5,99
LF:4
LH:4
BRF:0
BRH:0
end_of_record
